npm warn using --force Recommended protections disabled.

> rest-express@1.0.0 test
> vitest


 RUN  v3.2.4 /Users/bilal/ProgramacÌ§ao/MariaIntelligence-1

stdout | tests/gemini-api-integration.spec.ts > Gemini API Integration - Basic > should create Gemini service instance without errors
Tentativa 1/5
Validando chave API Gemini...
âœ… Gemini API configurada corretamente

 â¯ tests/gemini-api-integration.spec.ts (5 tests | 1 failed) 117ms
   âœ“ Gemini API Integration - Basic > should have proper environment setup 1ms
   âœ“ Gemini API Integration - Basic > should be able to import Gemini service 89ms
   âœ“ Gemini API Integration - Basic > should be able to import rate limiter service 0ms
   Ã— Gemini API Integration - Basic > should have rate limiter configured correctly 4ms
     â†’ expected { recentRequests: +0, â€¦(4) } to match object { recentRequests: Any<Number>, â€¦(5) }
(1 matching property omitted from actual)
   âœ“ Gemini API Integration - Basic > should create Gemini service instance without errors 22ms
stderr | tests/ocr-providers.spec.ts
âš ï¸ MISTRAL_API_KEY nÃ£o estÃ¡ configurada. O serviÃ§o Mistral OCR nÃ£o funcionarÃ¡.

stderr | tests/ai-performance-benchmarks.spec.ts
âš ï¸ MISTRAL_API_KEY nÃ£o estÃ¡ configurada. O serviÃ§o Mistral OCR nÃ£o funcionarÃ¡.

stderr | tests/ocr-integration.spec.ts
âš ï¸ MISTRAL_API_KEY nÃ£o estÃ¡ configurada. O serviÃ§o Mistral OCR nÃ£o funcionarÃ¡.

stderr | tests/ocr-validation.spec.ts
âš ï¸ MISTRAL_API_KEY nÃ£o estÃ¡ configurada. O serviÃ§o Mistral OCR nÃ£o funcionarÃ¡.

stdout | tests/ocr-providers.spec.ts > OCR Providers Specific Tests
Found 10 PDF files for provider testing

stderr | tests/ocr-providers.spec.ts > OCR Providers Specific Tests > Mistral OCR Provider Tests > should test Mistral OCR connection
âš ï¸ MISTRAL_API_KEY nÃ£o estÃ¡ configurada. O serviÃ§o Mistral OCR nÃ£o funcionarÃ¡.

stderr | tests/ocr-providers.spec.ts > OCR Providers Specific Tests > Mistral OCR Provider Tests > should test Mistral OCR connection
MISTRAL_API_KEY not configured, skipping Mistral tests

stderr | tests/ocr-providers.spec.ts > OCR Providers Specific Tests > Mistral OCR Provider Tests > should process PDF with Mistral OCR
âš ï¸ MISTRAL_API_KEY nÃ£o estÃ¡ configurada. O serviÃ§o Mistral OCR nÃ£o funcionarÃ¡.

stderr | tests/ocr-providers.spec.ts > OCR Providers Specific Tests > Mistral OCR Provider Tests > should process PDF with Mistral OCR
Skipping Mistral PDF test - no API key or PDFs

stderr | tests/ocr-providers.spec.ts > OCR Providers Specific Tests > Mistral OCR Provider Tests > should handle multiple PDFs with Mistral OCR batch processing
âš ï¸ MISTRAL_API_KEY nÃ£o estÃ¡ configurada. O serviÃ§o Mistral OCR nÃ£o funcionarÃ¡.

stderr | tests/ocr-providers.spec.ts > OCR Providers Specific Tests > Mistral OCR Provider Tests > should handle multiple PDFs with Mistral OCR batch processing
Skipping Mistral batch test

stderr | tests/ocr-providers.spec.ts > OCR Providers Specific Tests > OpenRouter Provider Tests > should test OpenRouter connection
âš ï¸ OPENROUTER_API_KEY nÃ£o estÃ¡ configurada. O serviÃ§o OpenRouter nÃ£o funcionarÃ¡.

stderr | tests/ocr-providers.spec.ts > OCR Providers Specific Tests > OpenRouter Provider Tests > should test OpenRouter connection
OPENROUTER_API_KEY not configured, skipping OpenRouter tests

stderr | tests/ocr-providers.spec.ts > OCR Providers Specific Tests > OpenRouter Provider Tests > should process PDF with OpenRouter
âš ï¸ OPENROUTER_API_KEY nÃ£o estÃ¡ configurada. O serviÃ§o OpenRouter nÃ£o funcionarÃ¡.

stderr | tests/ocr-providers.spec.ts > OCR Providers Specific Tests > OpenRouter Provider Tests > should process PDF with OpenRouter
Skipping OpenRouter PDF test

stderr | tests/ocr-providers.spec.ts > OCR Providers Specific Tests > OpenRouter Provider Tests > should handle different PDF complexities with OpenRouter
âš ï¸ OPENROUTER_API_KEY nÃ£o estÃ¡ configurada. O serviÃ§o OpenRouter nÃ£o funcionarÃ¡.

stderr | tests/ocr-providers.spec.ts > OCR Providers Specific Tests > OpenRouter Provider Tests > should handle different PDF complexities with OpenRouter
Skipping OpenRouter complexity test

stderr | tests/ocr-providers.spec.ts > OCR Providers Specific Tests > RolmOCR Provider Tests > should test RolmOCR connection
âš ï¸ HF_TOKEN nÃ£o estÃ¡ configurado. O serviÃ§o RolmOCR nÃ£o funcionarÃ¡ para manuscritos.

stderr | tests/ocr-providers.spec.ts > OCR Providers Specific Tests > RolmOCR Provider Tests > should test RolmOCR connection
HF_TOKEN not configured, skipping RolmOCR tests

stderr | tests/ocr-providers.spec.ts > OCR Providers Specific Tests > RolmOCR Provider Tests > should process PDF with RolmOCR
âš ï¸ HF_TOKEN nÃ£o estÃ¡ configurado. O serviÃ§o RolmOCR nÃ£o funcionarÃ¡ para manuscritos.

stderr | tests/ocr-providers.spec.ts > OCR Providers Specific Tests > RolmOCR Provider Tests > should process PDF with RolmOCR
Skipping RolmOCR PDF test

stdout | tests/ocr-providers.spec.ts > OCR Providers Specific Tests > Gemini Provider Tests > should test Gemini connection
ðŸ”§ Inicializando GeminiService em modo mock (implementaÃ§Ã£o direta da API em desenvolvimento)

stderr | tests/ocr-providers.spec.ts > OCR Providers Specific Tests > Gemini Provider Tests > should test Gemini connection
Nenhuma chave Gemini configurada (GOOGLE_GEMINI_API_KEY ou GOOGLE_API_KEY). Algumas funcionalidades estarÃ£o indisponÃ­veis.

stderr | tests/ocr-providers.spec.ts > OCR Providers Specific Tests > Gemini Provider Tests > should test Gemini connection
Gemini API key not configured, skipping Gemini tests

stdout | tests/ocr-providers.spec.ts > OCR Providers Specific Tests > Gemini Provider Tests > should process PDF with Gemini visual analysis
ðŸ”§ Inicializando GeminiService em modo mock (implementaÃ§Ã£o direta da API em desenvolvimento)

stderr | tests/ocr-providers.spec.ts > OCR Providers Specific Tests > Gemini Provider Tests > should process PDF with Gemini visual analysis
Nenhuma chave Gemini configurada (GOOGLE_GEMINI_API_KEY ou GOOGLE_API_KEY). Algumas funcionalidades estarÃ£o indisponÃ­veis.

stderr | tests/ocr-providers.spec.ts > OCR Providers Specific Tests > Gemini Provider Tests > should process PDF with Gemini visual analysis
Skipping Gemini visual analysis test

stdout | tests/ocr-providers.spec.ts > OCR Providers Specific Tests > Handwriting Detection Tests > should analyze PDFs for handwriting content
ðŸ“ AnÃ¡lise de manuscrito: pontuaÃ§Ã£o 0.30

stdout | tests/ocr-providers.spec.ts > OCR Providers Specific Tests > Handwriting Detection Tests > should analyze PDFs for handwriting content
Handwriting detection for Controlo_5 de Outubro.pdf: 0.299
  -> Moderate handwriting probability detected

stdout | tests/ocr-providers.spec.ts > OCR Providers Specific Tests > Handwriting Detection Tests > should test handwriting detection with multiple PDFs
ðŸ“ AnÃ¡lise de manuscrito: pontuaÃ§Ã£o 0.30

stdout | tests/ocr-providers.spec.ts > OCR Providers Specific Tests > Handwriting Detection Tests > should test handwriting detection with multiple PDFs
ðŸ“ AnÃ¡lise de manuscrito: pontuaÃ§Ã£o 0.27

stdout | tests/ocr-providers.spec.ts > OCR Providers Specific Tests > Handwriting Detection Tests > should test handwriting detection with multiple PDFs
ðŸ“ AnÃ¡lise de manuscrito: pontuaÃ§Ã£o 0.27

stdout | tests/ocr-providers.spec.ts > OCR Providers Specific Tests > Handwriting Detection Tests > should test handwriting detection with multiple PDFs

Handwriting Detection Results:
  Controlo_5 de Outubro.pdf: 0.299 (MEDIUM)
  Controlo_Aroeira I.pdf: 0.267 (MEDIUM)
  Controlo_Aroeira II - Copy.pdf: 0.268 (MEDIUM)

stdout | tests/ocr-providers.spec.ts > OCR Providers Specific Tests > Provider Comparison and Performance > should compare provider performance on same PDF

Provider Performance Comparison for Controlo_5 de Outubro.pdf (98.7KB):
================================================================================

 â¯ tests/ocr-providers.spec.ts (13 tests | 1 failed) 25ms
   âœ“ OCR Providers Specific Tests > Mistral OCR Provider Tests > should test Mistral OCR connection 1ms
   âœ“ OCR Providers Specific Tests > Mistral OCR Provider Tests > should process PDF with Mistral OCR 1ms
   âœ“ OCR Providers Specific Tests > Mistral OCR Provider Tests > should handle multiple PDFs with Mistral OCR batch processing 0ms
   âœ“ OCR Providers Specific Tests > OpenRouter Provider Tests > should test OpenRouter connection 1ms
   âœ“ OCR Providers Specific Tests > OpenRouter Provider Tests > should process PDF with OpenRouter 1ms
   âœ“ OCR Providers Specific Tests > OpenRouter Provider Tests > should handle different PDF complexities with OpenRouter 0ms
   âœ“ OCR Providers Specific Tests > RolmOCR Provider Tests > should test RolmOCR connection 0ms
   âœ“ OCR Providers Specific Tests > RolmOCR Provider Tests > should process PDF with RolmOCR 0ms
   âœ“ OCR Providers Specific Tests > Gemini Provider Tests > should test Gemini connection 0ms
   âœ“ OCR Providers Specific Tests > Gemini Provider Tests > should process PDF with Gemini visual analysis 0ms
   âœ“ OCR Providers Specific Tests > Handwriting Detection Tests > should analyze PDFs for handwriting content 3ms
   âœ“ OCR Providers Specific Tests > Handwriting Detection Tests > should test handwriting detection with multiple PDFs 5ms
   Ã— OCR Providers Specific Tests > Provider Comparison and Performance > should compare provider performance on same PDF 9ms
     â†’ expected 0 to be greater than 0
stderr | tests/ocr-api-endpoints.spec.ts
âš ï¸ MISTRAL_API_KEY nÃ£o estÃ¡ configurada. O serviÃ§o Mistral OCR nÃ£o funcionarÃ¡.

stderr | tests/ocr-validation.spec.ts
DATABASE_URL nÃ£o estÃ¡ definida. Usando armazenamento em memÃ³ria.

stdout | tests/ocr-validation.spec.ts
Usando armazenamento em memÃ³ria
Usando armazenamento em memÃ³ria por configuraÃ§Ã£o

stdout | tests/ocr-validation.spec.ts
######### USANDO MemStorage #########

stdout | tests/ocr-validation.spec.ts
ServiÃ§o RAG Aprimorado inicializado

stdout | tests/ocr-validation.spec.ts
ðŸ”§ Inicializando GeminiService em modo mock (implementaÃ§Ã£o direta da API em desenvolvimento)
ðŸ¤– ServiÃ§o de IA primÃ¡rio configurado para: auto

stderr | tests/ocr-validation.spec.ts
âš ï¸ OPENROUTER_API_KEY nÃ£o estÃ¡ configurada. O serviÃ§o OpenRouter nÃ£o funcionarÃ¡.
Nenhuma chave Gemini configurada (GOOGLE_GEMINI_API_KEY ou GOOGLE_API_KEY). Algumas funcionalidades estarÃ£o indisponÃ­veis.
âš ï¸ HF_TOKEN nÃ£o estÃ¡ configurado. O serviÃ§o RolmOCR nÃ£o funcionarÃ¡ para manuscritos.
âš ï¸ MISTRAL_API_KEY nÃ£o estÃ¡ configurada. OCR via Mistral API nÃ£o funcionarÃ¡.
âš ï¸ OPENROUTER_API_KEY nÃ£o estÃ¡ configurada. Fallback via OpenRouter nÃ£o funcionarÃ¡.
âš ï¸ Nenhuma chave de API do Gemini configurada. Funcionalidades de IA Gemini estarÃ£o limitadas.
âš ï¸ HF_TOKEN nÃ£o estÃ¡ configurado. Processamento de manuscritos via RolmOCR nÃ£o funcionarÃ¡.

stderr | tests/ocr-integration.spec.ts
DATABASE_URL nÃ£o estÃ¡ definida. Usando armazenamento em memÃ³ria.

stdout | tests/ocr-integration.spec.ts
Usando armazenamento em memÃ³ria
Usando armazenamento em memÃ³ria por configuraÃ§Ã£o

stdout | tests/ocr-integration.spec.ts
######### USANDO MemStorage #########

stdout | tests/ocr-integration.spec.ts
ServiÃ§o RAG Aprimorado inicializado

stderr | tests/ai-performance-benchmarks.spec.ts
DATABASE_URL nÃ£o estÃ¡ definida. Usando armazenamento em memÃ³ria.

 âœ“ tests/setup.spec.ts (1 test) 2ms
stderr | tests/ocr-api-endpoints.spec.ts
DATABASE_URL nÃ£o estÃ¡ definida. Usando armazenamento em memÃ³ria.

stdout | tests/ai-performance-benchmarks.spec.ts
Usando armazenamento em memÃ³ria
Usando armazenamento em memÃ³ria por configuraÃ§Ã£o

stdout | tests/ai-performance-benchmarks.spec.ts
######### USANDO MemStorage #########

stdout | tests/ocr-integration.spec.ts
ðŸ”§ Inicializando GeminiService em modo mock (implementaÃ§Ã£o direta da API em desenvolvimento)
ðŸ¤– ServiÃ§o de IA primÃ¡rio configurado para: auto

stderr | tests/ocr-integration.spec.ts
âš ï¸ OPENROUTER_API_KEY nÃ£o estÃ¡ configurada. O serviÃ§o OpenRouter nÃ£o funcionarÃ¡.
Nenhuma chave Gemini configurada (GOOGLE_GEMINI_API_KEY ou GOOGLE_API_KEY). Algumas funcionalidades estarÃ£o indisponÃ­veis.
âš ï¸ HF_TOKEN nÃ£o estÃ¡ configurado. O serviÃ§o RolmOCR nÃ£o funcionarÃ¡ para manuscritos.
âš ï¸ MISTRAL_API_KEY nÃ£o estÃ¡ configurada. OCR via Mistral API nÃ£o funcionarÃ¡.
âš ï¸ OPENROUTER_API_KEY nÃ£o estÃ¡ configurada. Fallback via OpenRouter nÃ£o funcionarÃ¡.
âš ï¸ Nenhuma chave de API do Gemini configurada. Funcionalidades de IA Gemini estarÃ£o limitadas.
âš ï¸ HF_TOKEN nÃ£o estÃ¡ configurado. Processamento de manuscritos via RolmOCR nÃ£o funcionarÃ¡.

stdout | tests/ai-performance-benchmarks.spec.ts
ServiÃ§o RAG Aprimorado inicializado

stdout | tests/ocr-api-endpoints.spec.ts
Usando armazenamento em memÃ³ria
Usando armazenamento em memÃ³ria por configuraÃ§Ã£o

stdout | tests/ocr-api-endpoints.spec.ts
######### USANDO MemStorage #########

stdout | tests/ocr-api-endpoints.spec.ts
ServiÃ§o RAG Aprimorado inicializado

stdout | tests/ocr-validation.spec.ts
Warning: Indexing all PDF objects

stdout | tests/ocr-validation.spec.ts > OCR Data Validation and Processing Tests
Found 10 PDF files for validation testing

stdout | tests/ai-performance-benchmarks.spec.ts
ðŸ”§ Inicializando GeminiService em modo mock (implementaÃ§Ã£o direta da API em desenvolvimento)
ðŸ¤– ServiÃ§o de IA primÃ¡rio configurado para: auto

stderr | tests/ai-performance-benchmarks.spec.ts
âš ï¸ OPENROUTER_API_KEY nÃ£o estÃ¡ configurada. O serviÃ§o OpenRouter nÃ£o funcionarÃ¡.
Nenhuma chave Gemini configurada (GOOGLE_GEMINI_API_KEY ou GOOGLE_API_KEY). Algumas funcionalidades estarÃ£o indisponÃ­veis.
âš ï¸ HF_TOKEN nÃ£o estÃ¡ configurado. O serviÃ§o RolmOCR nÃ£o funcionarÃ¡ para manuscritos.
âš ï¸ MISTRAL_API_KEY nÃ£o estÃ¡ configurada. OCR via Mistral API nÃ£o funcionarÃ¡.
âš ï¸ OPENROUTER_API_KEY nÃ£o estÃ¡ configurada. Fallback via OpenRouter nÃ£o funcionarÃ¡.
âš ï¸ Nenhuma chave de API do Gemini configurada. Funcionalidades de IA Gemini estarÃ£o limitadas.
âš ï¸ HF_TOKEN nÃ£o estÃ¡ configurado. Processamento de manuscritos via RolmOCR nÃ£o funcionarÃ¡.

stdout | tests/ocr-validation.spec.ts > OCR Data Validation and Processing Tests > Text Parsing and Data Extraction > should parse valid reservation data correctly
ðŸ” Iniciando extraÃ§Ã£o de dados de reserva a partir do texto OCR
ðŸ” Usando parser nativo sem IA
âœ… Nome do hÃ³spede extraÃ­do: "Name: JoÃ£o Silva"
âœ… NÃºmero de hÃ³spedes extraÃ­do: 2
âœ… Propriedade identificada: "Aroeira II"
âœ… ExtraÃ­das 1 reservas do texto OCR

stdout | tests/ocr-validation.spec.ts > OCR Data Validation and Processing Tests > Text Parsing and Data Extraction > should handle partial reservation data
ðŸ” Iniciando extraÃ§Ã£o de dados de reserva a partir do texto OCR
ðŸ” Usando parser nativo sem IA
âœ… Nome do hÃ³spede extraÃ­do: "Maria Santos"
âœ… Propriedade identificada: "Sete Rios"
âœ… ExtraÃ­das 1 reservas do texto OCR
âš ï¸ Campos obrigatÃ³rios ausentes: numGuests

stdout | tests/ocr-validation.spec.ts > OCR Data Validation and Processing Tests > Text Parsing and Data Extraction > should handle partial reservation data
Missing fields identified: [ [32m'numGuests'[39m ]

stdout | tests/ocr-validation.spec.ts > OCR Data Validation and Processing Tests > Text Parsing and Data Extraction > should extract multiple reservations from single text
ðŸ” Iniciando extraÃ§Ã£o de dados de reserva a partir do texto OCR
ðŸ” Usando parser nativo sem IA
âœ… Nome do hÃ³spede extraÃ­do: "Ana Rodrigues"
âœ… Propriedade identificada: "Aroeira I"
âœ… ExtraÃ­das 1 reservas do texto OCR
âš ï¸ Campos obrigatÃ³rios ausentes: numGuests

stdout | tests/ocr-validation.spec.ts > OCR Data Validation and Processing Tests > Text Parsing and Data Extraction > should extract multiple reservations from single text
Extracted 1 reservations from text
Reservation 1: {
  guest: [32m'Ana Rodrigues'[39m,
  property: [32m'Aroeira I'[39m,
  checkIn: [90mundefined[39m,
  checkOut: [90mundefined[39m
}

stdout | tests/ocr-validation.spec.ts > OCR Data Validation and Processing Tests > Text Parsing and Data Extraction > should handle invalid or empty text gracefully
ðŸ” Iniciando extraÃ§Ã£o de dados de reserva a partir do texto OCR
ðŸ” Usando parser nativo sem IA
âœ… Propriedade identificada: "This is just random text that doesn't contain"
âœ… ExtraÃ­das 1 reservas do texto OCR
âš ï¸ Campos obrigatÃ³rios ausentes: guestName, checkInDate, checkOutDate, numGuests, totalAmount

stdout | tests/ocr-validation.spec.ts > OCR Data Validation and Processing Tests > Text Parsing and Data Extraction > should handle invalid or empty text gracefully
Result for invalid text: {
  reservations: [
    {
      propertyName: [32m"This is just random text that doesn't contain"[39m,
      platform: [32m'other'[39m,
      status: [32m'confirmed'[39m,
      notes: [32m'ExtraÃ­do via OCR nativo (9/21/2025)'[39m
    }
  ],
  boxes: {},
  missing: [
    [32m'guestName'[39m,
    [32m'checkInDate'[39m,
    [32m'checkOutDate'[39m,
    [32m'numGuests'[39m,
    [32m'totalAmount'[39m
  ]
}

stdout | tests/ocr-validation.spec.ts > OCR Data Validation and Processing Tests > Text Parsing and Data Extraction > should validate required fields completeness
Required fields validation passed

stdout | tests/ocr-validation.spec.ts > OCR Data Validation and Processing Tests > Data Normalization and Validation > should normalize monetary amounts
â‚¬500.00 -> 500
500â‚¬ -> 500
500 euros -> 500
$500 -> 500
500.50 -> 500.5
1,500.00 -> 1500

stdout | tests/ocr-validation.spec.ts > OCR Data Validation and Processing Tests > Real PDF Data Validation > should validate data extracted from real PDFs
ðŸ“ AnÃ¡lise de manuscrito: pontuaÃ§Ã£o 0.30

stdout | tests/ocr-validation.spec.ts > OCR Data Validation and Processing Tests > Real PDF Data Validation > should validate data extracted from real PDFs
ðŸ“ PontuaÃ§Ã£o de manuscrito: 0.30
ðŸ” Usando extrator nativo de PDF como fallback (sem IA)
ðŸ“ Extraindo texto com pdf-parse (mÃ©todo nativo)

stdout | tests/ocr-integration.spec.ts
Warning: Indexing all PDF objects

stdout | tests/ocr-integration.spec.ts > OCR Integration Tests
Found 10 PDF files for testing: [
  [32m'Controlo_5 de Outubro.pdf'[39m,
  [32m'Controlo_Aroeira I.pdf'[39m,
  [32m'Controlo_Aroeira II - Copy.pdf'[39m,
  [32m'Controlo_Aroeira II.pdf'[39m,
  [32m'Controlo_Feira da Ladra (GraÃ§a 1).pdf'[39m,
  [32m'Controlo_Sete Rios.pdf'[39m,
  [32m'file (1).pdf'[39m,
  [32m'file (13).pdf'[39m,
  [32m'file (14).pdf'[39m,
  [32m'file.pdf'[39m
]

stderr | tests/ocr-integration.spec.ts > OCR Integration Tests
âš ï¸ MISTRAL_API_KEY nÃ£o estÃ¡ configurada. O serviÃ§o Mistral OCR nÃ£o funcionarÃ¡.

stdout | tests/ocr-integration.spec.ts > OCR Integration Tests > PDF File Discovery and Validation > should categorize PDF types correctly
Control files found: [
  [32m'Controlo_5 de Outubro.pdf'[39m,
  [32m'Controlo_Aroeira I.pdf'[39m,
  [32m'Controlo_Aroeira II - Copy.pdf'[39m,
  [32m'Controlo_Aroeira II.pdf'[39m,
  [32m'Controlo_Feira da Ladra (GraÃ§a 1).pdf'[39m,
  [32m'Controlo_Sete Rios.pdf'[39m
]
Generic files found: [ [32m'file (1).pdf'[39m, [32m'file (13).pdf'[39m, [32m'file (14).pdf'[39m, [32m'file.pdf'[39m ]

stdout | tests/ocr-integration.spec.ts > OCR Integration Tests > OCR Service Configuration > should detect available OCR providers
Available OCR providers: {
  mistral: [33mfalse[39m,
  openrouter: [33mfalse[39m,
  huggingface: [33mfalse[39m,
  gemini: [33mfalse[39m
}

stderr | tests/ocr-integration.spec.ts > OCR Integration Tests > OCR Service Configuration > should test Mistral OCR connection if configured
MISTRAL_API_KEY not configured, skipping Mistral connection test

stdout | tests/ocr-integration.spec.ts > OCR Integration Tests > Single PDF OCR Processing > should process a Controlo PDF with auto provider
ðŸ“ AnÃ¡lise de manuscrito: pontuaÃ§Ã£o 0.30

stdout | tests/ocr-integration.spec.ts > OCR Integration Tests > Single PDF OCR Processing > should process a Controlo PDF with auto provider
ðŸ“ PontuaÃ§Ã£o de manuscrito: 0.30
ðŸ” Usando extrator nativo de PDF como fallback (sem IA)
ðŸ“ Extraindo texto com pdf-parse (mÃ©todo nativo)

stdout | tests/ocr-api-endpoints.spec.ts
ðŸ”§ Inicializando GeminiService em modo mock (implementaÃ§Ã£o direta da API em desenvolvimento)
ðŸ¤– ServiÃ§o de IA primÃ¡rio configurado para: auto

stderr | tests/ocr-api-endpoints.spec.ts
âš ï¸ OPENROUTER_API_KEY nÃ£o estÃ¡ configurada. O serviÃ§o OpenRouter nÃ£o funcionarÃ¡.
Nenhuma chave Gemini configurada (GOOGLE_GEMINI_API_KEY ou GOOGLE_API_KEY). Algumas funcionalidades estarÃ£o indisponÃ­veis.
âš ï¸ HF_TOKEN nÃ£o estÃ¡ configurado. O serviÃ§o RolmOCR nÃ£o funcionarÃ¡ para manuscritos.
âš ï¸ MISTRAL_API_KEY nÃ£o estÃ¡ configurada. OCR via Mistral API nÃ£o funcionarÃ¡.
âš ï¸ OPENROUTER_API_KEY nÃ£o estÃ¡ configurada. Fallback via OpenRouter nÃ£o funcionarÃ¡.
âš ï¸ Nenhuma chave de API do Gemini configurada. Funcionalidades de IA Gemini estarÃ£o limitadas.
âš ï¸ HF_TOKEN nÃ£o estÃ¡ configurado. Processamento de manuscritos via RolmOCR nÃ£o funcionarÃ¡.

stdout | tests/ai-performance-benchmarks.spec.ts
Warning: Indexing all PDF objects

stdout | tests/ai-performance-benchmarks.spec.ts > AI Performance Benchmarks > Individual Service Benchmarks > should benchmark Gemini service performance
â¸ï¸  Skipping Gemini benchmarks - no API key

stdout | tests/ai-performance-benchmarks.spec.ts > AI Performance Benchmarks > Individual Service Benchmarks > should benchmark OpenRouter service performance
â¸ï¸  Skipping OpenRouter benchmarks - no API key

stdout | tests/ai-performance-benchmarks.spec.ts > AI Performance Benchmarks > Individual Service Benchmarks > should benchmark Mistral OCR service performance
â¸ï¸  Skipping Mistral OCR benchmarks - no API key

stdout | tests/ai-performance-benchmarks.spec.ts > AI Performance Benchmarks > Load Testing and Concurrent Operations > should test concurrent text generation requests
â¸ï¸  Skipping concurrent tests - no AI services available

stdout | tests/ai-performance-benchmarks.spec.ts > AI Performance Benchmarks > Load Testing and Concurrent Operations > should test rate limiter performance under load
â±ï¸  [RateLimiter] rateLimitedFunction: 1ms âœ… 

stdout | tests/ai-performance-benchmarks.spec.ts > AI Performance Benchmarks > Load Testing and Concurrent Operations > should test rate limiter performance under load
â±ï¸  [RateLimiter] rateLimitedFunction: 0ms âœ… 

stdout | tests/ai-performance-benchmarks.spec.ts > AI Performance Benchmarks > Load Testing and Concurrent Operations > should test rate limiter performance under load
â±ï¸  [RateLimiter] rateLimitedFunction: 0ms âœ… 

stdout | tests/ai-performance-benchmarks.spec.ts > AI Performance Benchmarks > Load Testing and Concurrent Operations > should test rate limiter performance under load
â±ï¸  [RateLimiter] rateLimitedFunction: 0ms âœ… 

stdout | tests/ai-performance-benchmarks.spec.ts > AI Performance Benchmarks > Load Testing and Concurrent Operations > should test rate limiter performance under load
â±ï¸  [RateLimiter] rateLimitedFunction: 1ms âœ… 

stdout | tests/ocr-integration.spec.ts > OCR Integration Tests > Single PDF OCR Processing > should process a Controlo PDF with auto provider
Warning: TT: undefined function: 32

stdout | tests/ocr-integration.spec.ts > OCR Integration Tests > Single PDF OCR Processing > should process a Controlo PDF with auto provider
Processed Controlo_5 de Outubro.pdf: 613 chars in 38ms

stderr | tests/ocr-integration.spec.ts > OCR Integration Tests > Single PDF OCR Processing > should process with Mistral OCR specifically
MISTRAL_API_KEY not configured, skipping Mistral-specific test

stderr | tests/ocr-integration.spec.ts > OCR Integration Tests > Single PDF OCR Processing > should process with OpenRouter fallback
OPENROUTER_API_KEY not configured, skipping OpenRouter test

stdout | tests/ocr-integration.spec.ts > OCR Integration Tests > Single PDF OCR Processing > should handle native extraction as fallback
ðŸ“ AnÃ¡lise de manuscrito: pontuaÃ§Ã£o 0.30

stdout | tests/ocr-integration.spec.ts > OCR Integration Tests > Single PDF OCR Processing > should handle native extraction as fallback
ðŸ“ PontuaÃ§Ã£o de manuscrito: 0.30
ðŸ“ Extraindo texto com pdf-parse (mÃ©todo nativo)

stdout | tests/ocr-integration.spec.ts > OCR Integration Tests > Single PDF OCR Processing > should handle native extraction as fallback
Warning: TT: undefined function: 32

stdout | tests/ocr-integration.spec.ts > OCR Integration Tests > Batch PDF Processing > should process multiple PDFs in sequence
ðŸ“ AnÃ¡lise de manuscrito: pontuaÃ§Ã£o 0.30

stdout | tests/ocr-integration.spec.ts > OCR Integration Tests > Batch PDF Processing > should process multiple PDFs in sequence
ðŸ“ PontuaÃ§Ã£o de manuscrito: 0.30
ðŸ” Usando extrator nativo de PDF como fallback (sem IA)
ðŸ“ Extraindo texto com pdf-parse (mÃ©todo nativo)

 â¯ tests/pdf-import-service.spec.ts (30 tests | 29 failed) 359ms
   Ã— PDFImportService > Property Name Normalization > should normalize property names correctly 6ms
     â†’ Cannot find module '../server/db/index'
Require stack:
- /Users/bilal/ProgramacÌ§ao/MariaIntelligence-1/tests/pdf-import-service.spec.ts
   Ã— PDFImportService > Property Name Normalization > should handle empty and null inputs 1ms
     â†’ Cannot find module '../server/db/index'
Require stack:
- /Users/bilal/ProgramacÌ§ao/MariaIntelligence-1/tests/pdf-import-service.spec.ts
   Ã— PDFImportService > Fuzzy Matching Algorithms > should calculate Levenshtein distance correctly 1ms
     â†’ Cannot find module '../server/db/index'
Require stack:
- /Users/bilal/ProgramacÌ§ao/MariaIntelligence-1/tests/pdf-import-service.spec.ts
   Ã— PDFImportService > Fuzzy Matching Algorithms > should calculate fuzzy scores accurately 0ms
     â†’ Cannot find module '../server/db/index'
Require stack:
- /Users/bilal/ProgramacÌ§ao/MariaIntelligence-1/tests/pdf-import-service.spec.ts
   Ã— PDFImportService > Fuzzy Matching Algorithms > should handle token-based matching 0ms
     â†’ Cannot find module '../server/db/index'
Require stack:
- /Users/bilal/ProgramacÌ§ao/MariaIntelligence-1/tests/pdf-import-service.spec.ts
   Ã— PDFImportService > Property Matching > should find exact property matches 0ms
     â†’ Cannot find module '../server/db/index'
Require stack:
- /Users/bilal/ProgramacÌ§ao/MariaIntelligence-1/tests/pdf-import-service.spec.ts
   Ã— PDFImportService > Property Matching > should find alias matches 1ms
     â†’ Cannot find module '../server/db/index'
Require stack:
- /Users/bilal/ProgramacÌ§ao/MariaIntelligence-1/tests/pdf-import-service.spec.ts
   Ã— PDFImportService > Property Matching > should provide suggestions for partial matches 1ms
     â†’ Cannot find module '../server/db/index'
Require stack:
- /Users/bilal/ProgramacÌ§ao/MariaIntelligence-1/tests/pdf-import-service.spec.ts
   Ã— PDFImportService > Property Matching > should handle unmatched properties 1ms
     â†’ Cannot find module '../server/db/index'
Require stack:
- /Users/bilal/ProgramacÌ§ao/MariaIntelligence-1/tests/pdf-import-service.spec.ts
   Ã— PDFImportService > Property Matching > should cache property matches 1ms
     â†’ Cannot find module '../server/db/index'
Require stack:
- /Users/bilal/ProgramacÌ§ao/MariaIntelligence-1/tests/pdf-import-service.spec.ts
   Ã— PDFImportService > Date Normalization > should normalize various date formats 0ms
     â†’ Cannot find module '../server/db/index'
Require stack:
- /Users/bilal/ProgramacÌ§ao/MariaIntelligence-1/tests/pdf-import-service.spec.ts
   Ã— PDFImportService > Date Normalization > should handle invalid dates gracefully 0ms
     â†’ Cannot find module '../server/db/index'
Require stack:
- /Users/bilal/ProgramacÌ§ao/MariaIntelligence-1/tests/pdf-import-service.spec.ts
   Ã— PDFImportService > Platform Detection > should detect Booking.com platform 0ms
     â†’ Cannot find module '../server/db/index'
Require stack:
- /Users/bilal/ProgramacÌ§ao/MariaIntelligence-1/tests/pdf-import-service.spec.ts
   Ã— PDFImportService > Platform Detection > should detect Airbnb platform 0ms
     â†’ Cannot find module '../server/db/index'
Require stack:
- /Users/bilal/ProgramacÌ§ao/MariaIntelligence-1/tests/pdf-import-service.spec.ts
   Ã— PDFImportService > Platform Detection > should return null for unknown platforms 0ms
     â†’ Cannot find module '../server/db/index'
Require stack:
- /Users/bilal/ProgramacÌ§ao/MariaIntelligence-1/tests/pdf-import-service.spec.ts
   Ã— PDFImportService > Property Suggestions > should provide relevant property suggestions 0ms
     â†’ Cannot find module '../server/db/index'
Require stack:
- /Users/bilal/ProgramacÌ§ao/MariaIntelligence-1/tests/pdf-import-service.spec.ts
   Ã— PDFImportService > Property Suggestions > should limit suggestions to requested number 0ms
     â†’ Cannot find module '../server/db/index'
Require stack:
- /Users/bilal/ProgramacÌ§ao/MariaIntelligence-1/tests/pdf-import-service.spec.ts
   Ã— PDFImportService > Property Suggestions > should sort suggestions by score 0ms
     â†’ Cannot find module '../server/db/index'
Require stack:
- /Users/bilal/ProgramacÌ§ao/MariaIntelligence-1/tests/pdf-import-service.spec.ts
   Ã— PDFImportService > Learning from Matches > should learn from high-confidence matches 0ms
     â†’ Cannot find module '../server/db/index'
Require stack:
- /Users/bilal/ProgramacÌ§ao/MariaIntelligence-1/tests/pdf-import-service.spec.ts
   Ã— PDFImportService > Learning from Matches > should not learn from low-confidence matches 0ms
     â†’ Cannot find module '../server/db/index'
Require stack:
- /Users/bilal/ProgramacÌ§ao/MariaIntelligence-1/tests/pdf-import-service.spec.ts
   Ã— PDFImportService > Pattern Extraction > should extract reservation data using patterns 0ms
     â†’ Cannot find module '../server/db/index'
Require stack:
- /Users/bilal/ProgramacÌ§ao/MariaIntelligence-1/tests/pdf-import-service.spec.ts
   Ã— PDFImportService > Pattern Extraction > should handle missing patterns gracefully 0ms
     â†’ Cannot find module '../server/db/index'
Require stack:
- /Users/bilal/ProgramacÌ§ao/MariaIntelligence-1/tests/pdf-import-service.spec.ts
   Ã— PDFImportService > Report Generation > should generate accurate import reports 0ms
     â†’ Cannot find module '../server/db/index'
Require stack:
- /Users/bilal/ProgramacÌ§ao/MariaIntelligence-1/tests/pdf-import-service.spec.ts
   Ã— PDFImportService > Integration Tests > should process PDF files end-to-end 0ms
     â†’ Cannot find module '../server/db/index'
Require stack:
- /Users/bilal/ProgramacÌ§ao/MariaIntelligence-1/tests/pdf-import-service.spec.ts
   Ã— PDFImportService > Integration Tests > should handle batch processing 0ms
     â†’ Cannot find module '../server/db/index'
Require stack:
- /Users/bilal/ProgramacÌ§ao/MariaIntelligence-1/tests/pdf-import-service.spec.ts
   Ã— PDFImportService > Integration Tests > should handle errors gracefully 0ms
     â†’ Cannot find module '../server/db/index'
Require stack:
- /Users/bilal/ProgramacÌ§ao/MariaIntelligence-1/tests/pdf-import-service.spec.ts
   Ã— PDFImportService > Confidence Scoring > should assign appropriate confidence scores 0ms
     â†’ Cannot find module '../server/db/index'
Require stack:
- /Users/bilal/ProgramacÌ§ao/MariaIntelligence-1/tests/pdf-import-service.spec.ts
   Ã— PDFImportService > Confidence Scoring > should handle confidence thresholds correctly 0ms
     â†’ Cannot find module '../server/db/index'
Require stack:
- /Users/bilal/ProgramacÌ§ao/MariaIntelligence-1/tests/pdf-import-service.spec.ts
   âœ“ Performance Tests > should handle large property lists efficiently  340ms
   Ã— Performance Tests > should cache property matches for performance 1ms
     â†’ expected 0 to be less than 0
stdout | tests/ocr-api-endpoints.spec.ts
Warning: Indexing all PDF objects

stdout | tests/ocr-integration.spec.ts > OCR Integration Tests > Batch PDF Processing > should process multiple PDFs in sequence
Warning: TT: undefined function: 32

stdout | tests/ocr-integration.spec.ts > OCR Integration Tests > Batch PDF Processing > should process multiple PDFs in sequence
ðŸ“ AnÃ¡lise de manuscrito: pontuaÃ§Ã£o 0.27

stdout | tests/ocr-integration.spec.ts > OCR Integration Tests > Batch PDF Processing > should process multiple PDFs in sequence
ðŸ“ PontuaÃ§Ã£o de manuscrito: 0.27
ðŸ” Usando extrator nativo de PDF como fallback (sem IA)
ðŸ“ Extraindo texto com pdf-parse (mÃ©todo nativo)

stdout | tests/ocr-api-endpoints.spec.ts > OCR API Endpoints Tests
Test server started on http://localhost:50198
Found 10 PDF files for API testing

stdout | tests/ocr-validation.spec.ts > OCR Data Validation and Processing Tests > Real PDF Data Validation > should validate data extracted from real PDFs
Warning: TT: undefined function: 32

stdout | tests/ocr-validation.spec.ts > OCR Data Validation and Processing Tests > Real PDF Data Validation > should validate data extracted from real PDFs
ðŸ” Iniciando extraÃ§Ã£o de dados de reserva a partir do texto OCR
ðŸ” Usando parser nativo sem IA
âœ… Propriedade identificada: "EXCITING LISBON  5 DE OUTUBRO"
âœ… ExtraÃ­das 1 reservas do texto OCR
âš ï¸ Campos obrigatÃ³rios ausentes: guestName, numGuests, totalAmount

stdout | tests/ocr-validation.spec.ts > OCR Data Validation and Processing Tests > Real PDF Data Validation > should validate data extracted from real PDFs
Data validation for Controlo_5 de Outubro.pdf:
  Text length: 613 chars
  Reservations found: 1
  Missing fields: 3
  Sample extracted data: {
  guest: [90mundefined[39m,
  property: [32m'EXCITING LISBON  5 DE OUTUBRO'[39m,
  checkIn: [90mundefined[39m,
  checkOut: [90mundefined[39m,
  amount: [90mundefined[39m
}
  Missing fields: [ [32m'guestName'[39m, [32m'numGuests'[39m, [32m'totalAmount'[39m ]

stdout | tests/ocr-validation.spec.ts > OCR Data Validation and Processing Tests > Real PDF Data Validation > should test property matching with real extracted data
ðŸ“ AnÃ¡lise de manuscrito: pontuaÃ§Ã£o 0.30

stdout | tests/ocr-validation.spec.ts > OCR Data Validation and Processing Tests > Real PDF Data Validation > should test property matching with real extracted data
ðŸ“ PontuaÃ§Ã£o de manuscrito: 0.30
ðŸ” Usando extrator nativo de PDF como fallback (sem IA)
ðŸ“ Extraindo texto com pdf-parse (mÃ©todo nativo)

stdout | tests/ocr-api-endpoints.spec.ts > OCR API Endpoints Tests > Server Setup and Health > should have PDF files available for testing
Available test PDFs: [
  [32m'Controlo_5 de Outubro.pdf'[39m,
  [32m'Controlo_Aroeira I.pdf'[39m,
  [32m'Controlo_Aroeira II - Copy.pdf'[39m,
  [32m'Controlo_Aroeira II.pdf'[39m,
  [32m'Controlo_Feira da Ladra (GraÃ§a 1).pdf'[39m,
  [32m'Controlo_Sete Rios.pdf'[39m,
  [32m'file (1).pdf'[39m,
  [32m'file (13).pdf'[39m,
  [32m'file (14).pdf'[39m,
  [32m'file.pdf'[39m
]

stdout | tests/ocr-validation.spec.ts > OCR Data Validation and Processing Tests > Real PDF Data Validation > should test property matching with real extracted data
Warning: TT: undefined function: 32

stdout | tests/ocr-api-endpoints.spec.ts > OCR API Endpoints Tests > File Upload Endpoint Tests > should upload and process PDF via /api/ocr/upload
ðŸ“‘ Processando OCR [Rota unificada]...

stderr | tests/ocr-api-endpoints.spec.ts > OCR API Endpoints Tests > File Upload Endpoint Tests > should upload and process PDF via /api/ocr/upload
Erro ao ler arquivo: TypeError: The "path" argument must be of type string or an instance of Buffer or URL. Received undefined
[90m    at Object.openSync (node:fs:561:5)[39m
[90m    at Object.readFileSync (node:fs:444:35)[39m
    at postOcr [90m(/Users/bilal/ProgramacÌ§ao/MariaIntelligence-1/[39mserver/controllers/ocr.controller.ts:68:22[90m)[39m
    at Layer.handle [as handle_request] [90m(/Users/bilal/ProgramacÌ§ao/MariaIntelligence-1/[39mnode_modules/[4mexpress[24m/lib/router/layer.js:95:5[90m)[39m
    at next [90m(/Users/bilal/ProgramacÌ§ao/MariaIntelligence-1/[39mnode_modules/[4mexpress[24m/lib/router/route.js:149:13[90m)[39m
    at done [90m(/Users/bilal/ProgramacÌ§ao/MariaIntelligence-1/[39mnode_modules/[4mmulter[24m/lib/make-middleware.js:47:7[90m)[39m
    at indicateDone [90m(/Users/bilal/ProgramacÌ§ao/MariaIntelligence-1/[39mnode_modules/[4mmulter[24m/lib/make-middleware.js:51:68[90m)[39m
    at Multipart.<anonymous> [90m(/Users/bilal/ProgramacÌ§ao/MariaIntelligence-1/[39mnode_modules/[4mmulter[24m/lib/make-middleware.js:168:7[90m)[39m
[90m    at Multipart.emit (node:events:508:28)[39m
[90m    at emitCloseNT (node:internal/streams/destroy:148:10)[39m {
  code: [32m'ERR_INVALID_ARG_TYPE'[39m
}

stderr | tests/ocr-api-endpoints.spec.ts > OCR API Endpoints Tests > File Upload Endpoint Tests > should upload and process PDF via /api/ocr/upload
Upload failed: { success: [33mfalse[39m, message: [32m'Erro ao ler o arquivo PDF'[39m }

stdout | tests/ocr-api-endpoints.spec.ts > OCR API Endpoints Tests > File Upload Endpoint Tests > should process PDF via /api/ocr/process with file upload
ðŸ“‘ Iniciando processamento OCR...
ðŸ“„ Processando arquivo enviado via multipart/form-data.

stderr | tests/ocr-api-endpoints.spec.ts > OCR API Endpoints Tests > File Upload Endpoint Tests > should process PDF via /api/ocr/process with file upload
Erro ao ler arquivo enviado: TypeError: The "path" argument must be of type string or an instance of Buffer or URL. Received undefined
[90m    at Object.openSync (node:fs:561:5)[39m
[90m    at Object.readFileSync (node:fs:444:35)[39m
    at processOCR [90m(/Users/bilal/ProgramacÌ§ao/MariaIntelligence-1/[39mserver/controllers/ocr.controller.ts:284:24[90m)[39m
    at Layer.handle [as handle_request] [90m(/Users/bilal/ProgramacÌ§ao/MariaIntelligence-1/[39mnode_modules/[4mexpress[24m/lib/router/layer.js:95:5[90m)[39m
    at next [90m(/Users/bilal/ProgramacÌ§ao/MariaIntelligence-1/[39mnode_modules/[4mexpress[24m/lib/router/route.js:149:13[90m)[39m
    at done [90m(/Users/bilal/ProgramacÌ§ao/MariaIntelligence-1/[39mnode_modules/[4mmulter[24m/lib/make-middleware.js:47:7[90m)[39m
    at indicateDone [90m(/Users/bilal/ProgramacÌ§ao/MariaIntelligence-1/[39mnode_modules/[4mmulter[24m/lib/make-middleware.js:51:68[90m)[39m
    at Multipart.<anonymous> [90m(/Users/bilal/ProgramacÌ§ao/MariaIntelligence-1/[39mnode_modules/[4mmulter[24m/lib/make-middleware.js:168:7[90m)[39m
[90m    at Multipart.emit (node:events:508:28)[39m
[90m    at emitCloseNT (node:internal/streams/destroy:148:10)[39m {
  code: [32m'ERR_INVALID_ARG_TYPE'[39m
}

stderr | tests/ocr-api-endpoints.spec.ts > OCR API Endpoints Tests > File Upload Endpoint Tests > should reject non-PDF files
Test server error: Error: Only PDF files are allowed
    at fileFilter [90m(/Users/bilal/ProgramacÌ§ao/MariaIntelligence-1/[39mtests/ocr-api-endpoints.spec.ts:69:14[90m)[39m
    at wrappedFileFilter [90m(/Users/bilal/ProgramacÌ§ao/MariaIntelligence-1/[39mnode_modules/[4mmulter[24m/index.js:44:7[90m)[39m
    at Multipart.<anonymous> [90m(/Users/bilal/ProgramacÌ§ao/MariaIntelligence-1/[39mnode_modules/[4mmulter[24m/lib/make-middleware.js:109:7[90m)[39m
[90m    at Multipart.emit (node:events:508:28)[39m
    at HeaderParser.cb [90m(/Users/bilal/ProgramacÌ§ao/MariaIntelligence-1/[39mnode_modules/[4mbusboy[24m/lib/types/multipart.js:358:14[90m)[39m
    at HeaderParser.push [90m(/Users/bilal/ProgramacÌ§ao/MariaIntelligence-1/[39mnode_modules/[4mbusboy[24m/lib/types/multipart.js:162:20[90m)[39m
    at SBMH.ssCb [as _cb] [90m(/Users/bilal/ProgramacÌ§ao/MariaIntelligence-1/[39mnode_modules/[4mbusboy[24m/lib/types/multipart.js:394:37[90m)[39m
    at feed [90m(/Users/bilal/ProgramacÌ§ao/MariaIntelligence-1/[39mnode_modules/[4mstreamsearch[24m/lib/sbmh.js:219:14[90m)[39m
    at SBMH.push [90m(/Users/bilal/ProgramacÌ§ao/MariaIntelligence-1/[39mnode_modules/[4mstreamsearch[24m/lib/sbmh.js:104:16[90m)[39m
    at Multipart._write [90m(/Users/bilal/ProgramacÌ§ao/MariaIntelligence-1/[39mnode_modules/[4mbusboy[24m/lib/types/multipart.js:567:19[90m)[39m {
  storageErrors: []
}

stderr | tests/comprehensive-test-suite.spec.ts
DATABASE_URL nÃ£o estÃ¡ definida. Usando armazenamento em memÃ³ria.

stdout | tests/ocr-validation.spec.ts > OCR Data Validation and Processing Tests > Real PDF Data Validation > should test property matching with real extracted data
ðŸ” Iniciando extraÃ§Ã£o de dados de reserva a partir do texto OCR
ðŸ” Usando parser nativo sem IA
âœ… Propriedade identificada: "EXCITING LISBON  5 DE OUTUBRO"
âœ… ExtraÃ­das 1 reservas do texto OCR
âš ï¸ Campos obrigatÃ³rios ausentes: guestName, numGuests, totalAmount

stdout | tests/ocr-validation.spec.ts > OCR Data Validation and Processing Tests > Real PDF Data Validation > should test property matching with real extracted data
Testing property matching for: "EXCITING LISBON  5 DE OUTUBRO"
  Matched to: 5 de Outubro (ID: 4)

stdout | tests/ocr-validation.spec.ts > OCR Data Validation and Processing Tests > Error Handling and Edge Cases > should handle empty or whitespace-only text
ðŸ” Iniciando extraÃ§Ã£o de dados de reserva a partir do texto OCR
ðŸ” Usando parser nativo sem IA
âœ… ExtraÃ­das 0 reservas do texto OCR
âš ï¸ Campos obrigatÃ³rios ausentes: propertyName, guestName, checkInDate, checkOutDate, numGuests, totalAmount

stderr | tests/ocr-validation.spec.ts > OCR Data Validation and Processing Tests > Error Handling and Edge Cases > should handle empty or whitespace-only text
âš ï¸ Dados insuficientes para criar uma reserva vÃ¡lida
âš ï¸ Campos em falta: propertyName, guestName, checkInDate, checkOutDate, numGuests, totalAmount

stdout | tests/ocr-validation.spec.ts > OCR Data Validation and Processing Tests > Error Handling and Edge Cases > should handle empty or whitespace-only text
Empty text handling result: {
  reservations: [],
  boxes: {},
  missing: [
    [32m'propertyName'[39m,
    [32m'guestName'[39m,
    [32m'checkInDate'[39m,
    [32m'checkOutDate'[39m,
    [32m'numGuests'[39m,
    [32m'totalAmount'[39m
  ]
}
ðŸ” Iniciando extraÃ§Ã£o de dados de reserva a partir do texto OCR
ðŸ” Usando parser nativo sem IA
âœ… ExtraÃ­das 0 reservas do texto OCR
âš ï¸ Campos obrigatÃ³rios ausentes: propertyName, guestName, checkInDate, checkOutDate, numGuests, totalAmount

stderr | tests/ocr-validation.spec.ts > OCR Data Validation and Processing Tests > Error Handling and Edge Cases > should handle empty or whitespace-only text
âš ï¸ Dados insuficientes para criar uma reserva vÃ¡lida
âš ï¸ Campos em falta: propertyName, guestName, checkInDate, checkOutDate, numGuests, totalAmount

stdout | tests/ocr-validation.spec.ts > OCR Data Validation and Processing Tests > Error Handling and Edge Cases > should handle empty or whitespace-only text
Empty text handling result: {
  reservations: [],
  boxes: {},
  missing: [
    [32m'propertyName'[39m,
    [32m'guestName'[39m,
    [32m'checkInDate'[39m,
    [32m'checkOutDate'[39m,
    [32m'numGuests'[39m,
    [32m'totalAmount'[39m
  ]
}
ðŸ” Iniciando extraÃ§Ã£o de dados de reserva a partir do texto OCR
ðŸ” Usando parser nativo sem IA
âœ… ExtraÃ­das 0 reservas do texto OCR
âš ï¸ Campos obrigatÃ³rios ausentes: propertyName, guestName, checkInDate, checkOutDate, numGuests, totalAmount

stderr | tests/ocr-validation.spec.ts > OCR Data Validation and Processing Tests > Error Handling and Edge Cases > should handle empty or whitespace-only text
âš ï¸ Dados insuficientes para criar uma reserva vÃ¡lida
âš ï¸ Campos em falta: propertyName, guestName, checkInDate, checkOutDate, numGuests, totalAmount

stdout | tests/ocr-validation.spec.ts > OCR Data Validation and Processing Tests > Error Handling and Edge Cases > should handle empty or whitespace-only text
Empty text handling result: {
  reservations: [],
  boxes: {},
  missing: [
    [32m'propertyName'[39m,
    [32m'guestName'[39m,
    [32m'checkInDate'[39m,
    [32m'checkOutDate'[39m,
    [32m'numGuests'[39m,
    [32m'totalAmount'[39m
  ]
}
ðŸ” Iniciando extraÃ§Ã£o de dados de reserva a partir do texto OCR
ðŸ” Usando parser nativo sem IA
âœ… ExtraÃ­das 0 reservas do texto OCR
âš ï¸ Campos obrigatÃ³rios ausentes: propertyName, guestName, checkInDate, checkOutDate, numGuests, totalAmount

stderr | tests/ocr-validation.spec.ts > OCR Data Validation and Processing Tests > Error Handling and Edge Cases > should handle empty or whitespace-only text
âš ï¸ Dados insuficientes para criar uma reserva vÃ¡lida
âš ï¸ Campos em falta: propertyName, guestName, checkInDate, checkOutDate, numGuests, totalAmount

stdout | tests/ocr-validation.spec.ts > OCR Data Validation and Processing Tests > Error Handling and Edge Cases > should handle empty or whitespace-only text
Empty text handling result: {
  reservations: [],
  boxes: {},
  missing: [
    [32m'propertyName'[39m,
    [32m'guestName'[39m,
    [32m'checkInDate'[39m,
    [32m'checkOutDate'[39m,
    [32m'numGuests'[39m,
    [32m'totalAmount'[39m
  ]
}

{"level":30,"time":1758484392185,"pid":3958,"hostname":"Mac","name":"ml-pattern-recognition","msg":"ML models initialized successfully"}
stdout | tests/comprehensive-test-suite.spec.ts
Usando armazenamento em memÃ³ria
Usando armazenamento em memÃ³ria por configuraÃ§Ã£o

stdout | tests/comprehensive-test-suite.spec.ts
######### USANDO MemStorage #########

stdout | tests/ocr-integration.spec.ts > OCR Integration Tests > Batch PDF Processing > should process multiple PDFs in sequence
Warning: TT: undefined function: 32

stdout | tests/ocr-integration.spec.ts > OCR Integration Tests > Batch PDF Processing > should process multiple PDFs in sequence
ðŸ“ AnÃ¡lise de manuscrito: pontuaÃ§Ã£o 0.27

stdout | tests/ocr-integration.spec.ts > OCR Integration Tests > Batch PDF Processing > should process multiple PDFs in sequence
ðŸ“ PontuaÃ§Ã£o de manuscrito: 0.27
ðŸ” Usando extrator nativo de PDF como fallback (sem IA)
ðŸ“ Extraindo texto com pdf-parse (mÃ©todo nativo)

stdout | tests/ocr-integration.spec.ts > OCR Integration Tests > Batch PDF Processing > should process multiple PDFs in sequence
Warning: TT: undefined function: 32

stderr | tests/ai-api-integration.spec.ts
âš ï¸ MISTRAL_API_KEY nÃ£o estÃ¡ configurada. O serviÃ§o Mistral OCR nÃ£o funcionarÃ¡.

stdout | tests/ocr-integration.spec.ts > OCR Integration Tests > Batch PDF Processing > should process multiple PDFs in sequence
Batch processing: 3/3 successful, avg time: 44.67ms

stdout | tests/ocr-integration.spec.ts > OCR Integration Tests > Data Extraction and Validation > should extract structured data from PDF text
ðŸ“ AnÃ¡lise de manuscrito: pontuaÃ§Ã£o 0.30

stdout | tests/ocr-integration.spec.ts > OCR Integration Tests > Data Extraction and Validation > should extract structured data from PDF text
ðŸ“ PontuaÃ§Ã£o de manuscrito: 0.30
ðŸ” Usando extrator nativo de PDF como fallback (sem IA)
ðŸ“ Extraindo texto com pdf-parse (mÃ©todo nativo)

stdout | tests/ocr-integration.spec.ts > OCR Integration Tests > Data Extraction and Validation > should extract structured data from PDF text
Warning: TT: undefined function: 32

stderr | tests/ai-api-integration.spec.ts
[vitest] skipping suite: AI API integration tests skipped (set AI_SERVICE_MODE=live to enable)

stderr | tests/ml-pattern-recognition.spec.ts
[vitest] skipping suite: Skipping ML Predictions API tests (ENABLE_FULL_STACK_TESTS=true to enable)

stdout | tests/ocr-integration.spec.ts > OCR Integration Tests > Data Extraction and Validation > should extract structured data from PDF text
ðŸ“ AIAdapter: Extraindo dados de reserva (skipQualityCheck=false)

stderr | tests/ocr-integration.spec.ts > OCR Integration Tests > Data Extraction and Validation > should extract structured data from PDF text
Erro ao extrair dados de reserva com Gemini: Error: Chave Gemini nÃ£o configurada. Configure GOOGLE_GEMINI_API_KEY ou GOOGLE_API_KEY nas configuraÃ§Ãµes.
    at GeminiService.checkInitialization [90m(/Users/bilal/ProgramacÌ§ao/MariaIntelligence-1/[39mserver/services/gemini.service.ts:546:13[90m)[39m
    at GeminiService.parseReservationData [90m(/Users/bilal/ProgramacÌ§ao/MariaIntelligence-1/[39mserver/services/gemini.service.ts:783:10[90m)[39m
    at AIAdapter.parseReservationData [90m(/Users/bilal/ProgramacÌ§ao/MariaIntelligence-1/[39mserver/services/ai-adapter.service.ts:681:39[90m)[39m
    at [90m/Users/bilal/ProgramacÌ§ao/MariaIntelligence-1/[39mtests/ocr-integration.spec.ts:295:48
[90m    at processTicksAndRejections (node:internal/process/task_queues:105:5)[39m
    at [90mfile:///Users/bilal/Programac%CC%A7ao/MariaIntelligence-1/[39mnode_modules/[4m@vitest[24m/runner/dist/chunk-hooks.js:752:20

stdout | tests/ocr-integration.spec.ts > OCR Integration Tests > Data Extraction and Validation > should extract structured data from PDF text
No structured reservation data found, which is expected for non-reservation PDFs

stdout | tests/ocr-integration.spec.ts > OCR Integration Tests > Error Handling and Edge Cases > should handle corrupted PDF files gracefully
ðŸ“ AnÃ¡lise de manuscrito: pontuaÃ§Ã£o 0.45

stdout | tests/ocr-integration.spec.ts > OCR Integration Tests > Error Handling and Edge Cases > should handle corrupted PDF files gracefully
ðŸ“ PontuaÃ§Ã£o de manuscrito: 0.45
ðŸ” Usando extrator nativo de PDF como fallback (sem IA)
ðŸ“ Extraindo texto com pdf-parse (mÃ©todo nativo)

stdout | tests/ocr-integration.spec.ts > OCR Integration Tests > Error Handling and Edge Cases > should handle corrupted PDF files gracefully
Warning: Indexing all PDF objects

 â†“ tests/ai-api-integration.spec.ts (14 tests | 14 skipped)
stdout | tests/comprehensive-test-suite.spec.ts
ServiÃ§o RAG Aprimorado inicializado

{"level":30,"time":1758484392258,"pid":3958,"hostname":"Mac","name":"ml-pattern-recognition","msg":"Starting model training"}
stderr | tests/ocr-api-endpoints.spec.ts > OCR API Endpoints Tests > File Upload Endpoint Tests > should handle oversized files
Test server error: MulterError: File too large
    at abortWithCode [90m(/Users/bilal/ProgramacÌ§ao/MariaIntelligence-1/[39mnode_modules/[4mmulter[24m/lib/make-middleware.js:73:22[90m)[39m
    at FileStream.<anonymous> [90m(/Users/bilal/ProgramacÌ§ao/MariaIntelligence-1/[39mnode_modules/[4mmulter[24m/lib/make-middleware.js:136:11[90m)[39m
[90m    at FileStream.emit (node:events:508:28)[39m
    at SBMH.ssCb [as _cb] [90m(/Users/bilal/ProgramacÌ§ao/MariaIntelligence-1/[39mnode_modules/[4mbusboy[24m/lib/types/multipart.js:479:32[90m)[39m
    at feed [90m(/Users/bilal/ProgramacÌ§ao/MariaIntelligence-1/[39mnode_modules/[4mstreamsearch[24m/lib/sbmh.js:219:14[90m)[39m
    at SBMH.push [90m(/Users/bilal/ProgramacÌ§ao/MariaIntelligence-1/[39mnode_modules/[4mstreamsearch[24m/lib/sbmh.js:104:16[90m)[39m
    at Multipart._write [90m(/Users/bilal/ProgramacÌ§ao/MariaIntelligence-1/[39mnode_modules/[4mbusboy[24m/lib/types/multipart.js:567:19[90m)[39m
[90m    at writeOrBuffer (node:internal/streams/writable:570:12)[39m
[90m    at _write (node:internal/streams/writable:499:10)[39m
[90m    at Multipart.Writable.write (node:internal/streams/writable:508:10)[39m {
  code: [32m'LIMIT_FILE_SIZE'[39m,
  field: [32m'file'[39m,
  storageErrors: []
}

stderr | tests/ocr-integration.spec.ts > OCR Integration Tests > Error Handling and Edge Cases > should handle corrupted PDF files gracefully
âŒ Erro ao extrair texto com pdf-parse: Error: 
    at InvalidPDFExceptionClosure [90m(/Users/bilal/ProgramacÌ§ao/MariaIntelligence-1/[39mnode_modules/[4mpdf-parse[24m/lib/pdf.js/v1.10.100/build/webpack:/src/shared/util.js:412:35[90m)[39m
    at Object.<anonymous> [90m(/Users/bilal/ProgramacÌ§ao/MariaIntelligence-1/[39mnode_modules/[4mpdf-parse[24m/lib/pdf.js/v1.10.100/build/webpack:/src/shared/util.js:406:28[90m)[39m
    at __w_pdfjs_require__ [90m(/Users/bilal/ProgramacÌ§ao/MariaIntelligence-1/[39mnode_modules/[4mpdf-parse[24m/lib/pdf.js/v1.10.100/build/webpack:/webpack/bootstrap c9be985464785b4e5413:19:1[90m)[39m
    at Object.<anonymous> [90m(/Users/bilal/ProgramacÌ§ao/MariaIntelligence-1/[39mnode_modules/[4mpdf-parse[24m/lib/pdf.js/v1.10.100/build/webpack:/src/pdf.js:24:23[90m)[39m
    at __w_pdfjs_require__ [90m(/Users/bilal/ProgramacÌ§ao/MariaIntelligence-1/[39mnode_modules/[4mpdf-parse[24m/lib/pdf.js/v1.10.100/build/webpack:/webpack/bootstrap c9be985464785b4e5413:19:1[90m)[39m
    at [90m/Users/bilal/ProgramacÌ§ao/MariaIntelligence-1/[39mnode_modules/[4mpdf-parse[24m/lib/pdf.js/v1.10.100/build/webpack:/webpack/bootstrap c9be985464785b4e5413:62:1
    at [90m/Users/bilal/ProgramacÌ§ao/MariaIntelligence-1/[39mnode_modules/[4mpdf-parse[24m/lib/pdf.js/v1.10.100/build/pdf.js:91:10
    at webpackUniversalModuleDefinition [90m(/Users/bilal/ProgramacÌ§ao/MariaIntelligence-1/[39mnode_modules/[4mpdf-parse[24m/lib/pdf.js/v1.10.100/build/webpack:/webpack/universalModuleDefinition:3:1[90m)[39m
    at Object.<anonymous> [90m(/Users/bilal/ProgramacÌ§ao/MariaIntelligence-1/[39mnode_modules/[4mpdf-parse[24m/lib/pdf.js/v1.10.100/build/webpack:/webpack/universalModuleDefinition:10:2[90m)[39m
[90m    at Module._compile (node:internal/modules/cjs/loader:1738:14)[39m {
  message: [32m'Invalid PDF structure'[39m
}

stderr | tests/ocr-integration.spec.ts > OCR Integration Tests > Error Handling and Edge Cases > should handle corrupted PDF files gracefully
âŒ Erro ao extrair texto do PDF: Error: Falha na extraÃ§Ã£o bÃ¡sica de texto: Invalid PDF structure
    at extractWithPdfParse [90m(/Users/bilal/ProgramacÌ§ao/MariaIntelligence-1/[39mserver/services/ai-adapter.service.ts:411:17[90m)[39m
[90m    at processTicksAndRejections (node:internal/process/task_queues:105:5)[39m
    at AIAdapter.extractTextFromPDF [90m(/Users/bilal/ProgramacÌ§ao/MariaIntelligence-1/[39mserver/services/ai-adapter.service.ts:523:18[90m)[39m
    at [90m/Users/bilal/ProgramacÌ§ao/MariaIntelligence-1/[39mtests/ocr-integration.spec.ts:337:9
    at [90m/Users/bilal/ProgramacÌ§ao/MariaIntelligence-1/[39mtests/ocr-integration.spec.ts:336:7
    at [90mfile:///Users/bilal/Programac%CC%A7ao/MariaIntelligence-1/[39mnode_modules/[4m@vitest[24m/runner/dist/chunk-hooks.js:752:20

stdout | tests/ocr-integration.spec.ts > OCR Integration Tests > Error Handling and Edge Cases > should handle empty PDF files
ðŸ“ AnÃ¡lise de manuscrito: pontuaÃ§Ã£o 0.67

stdout | tests/ocr-integration.spec.ts > OCR Integration Tests > Error Handling and Edge Cases > should handle empty PDF files
ðŸ“ PontuaÃ§Ã£o de manuscrito: 0.67
ðŸ” Usando extrator nativo de PDF como fallback (sem IA)
ðŸ“ Extraindo texto com pdf-parse (mÃ©todo nativo)

stdout | tests/ocr-integration.spec.ts > OCR Integration Tests > Error Handling and Edge Cases > should handle empty PDF files
Warning: Indexing all PDF objects

stderr | tests/ocr-integration.spec.ts > OCR Integration Tests > Error Handling and Edge Cases > should handle empty PDF files
âŒ Erro ao extrair texto com pdf-parse: Error: 
    at UnknownErrorExceptionClosure [90m(/Users/bilal/ProgramacÌ§ao/MariaIntelligence-1/[39mnode_modules/[4mpdf-parse[24m/lib/pdf.js/v1.10.100/build/webpack:/src/shared/util.js:400:37[90m)[39m
    at Object.<anonymous> [90m(/Users/bilal/ProgramacÌ§ao/MariaIntelligence-1/[39mnode_modules/[4mpdf-parse[24m/lib/pdf.js/v1.10.100/build/webpack:/src/shared/util.js:393:30[90m)[39m
    at __w_pdfjs_require__ [90m(/Users/bilal/ProgramacÌ§ao/MariaIntelligence-1/[39mnode_modules/[4mpdf-parse[24m/lib/pdf.js/v1.10.100/build/webpack:/webpack/bootstrap c9be985464785b4e5413:19:1[90m)[39m
    at Object.<anonymous> [90m(/Users/bilal/ProgramacÌ§ao/MariaIntelligence-1/[39mnode_modules/[4mpdf-parse[24m/lib/pdf.js/v1.10.100/build/webpack:/src/pdf.js:24:23[90m)[39m
    at __w_pdfjs_require__ [90m(/Users/bilal/ProgramacÌ§ao/MariaIntelligence-1/[39mnode_modules/[4mpdf-parse[24m/lib/pdf.js/v1.10.100/build/webpack:/webpack/bootstrap c9be985464785b4e5413:19:1[90m)[39m
    at [90m/Users/bilal/ProgramacÌ§ao/MariaIntelligence-1/[39mnode_modules/[4mpdf-parse[24m/lib/pdf.js/v1.10.100/build/webpack:/webpack/bootstrap c9be985464785b4e5413:62:1
    at [90m/Users/bilal/ProgramacÌ§ao/MariaIntelligence-1/[39mnode_modules/[4mpdf-parse[24m/lib/pdf.js/v1.10.100/build/pdf.js:91:10
    at webpackUniversalModuleDefinition [90m(/Users/bilal/ProgramacÌ§ao/MariaIntelligence-1/[39mnode_modules/[4mpdf-parse[24m/lib/pdf.js/v1.10.100/build/webpack:/webpack/universalModuleDefinition:3:1[90m)[39m
    at Object.<anonymous> [90m(/Users/bilal/ProgramacÌ§ao/MariaIntelligence-1/[39mnode_modules/[4mpdf-parse[24m/lib/pdf.js/v1.10.100/build/webpack:/webpack/universalModuleDefinition:10:2[90m)[39m
[90m    at Module._compile (node:internal/modules/cjs/loader:1738:14)[39m {
  message: [32m'bad XRef entry'[39m,
  details: [32m'FormatError: bad XRef entry'[39m
}

stderr | tests/ocr-integration.spec.ts > OCR Integration Tests > Error Handling and Edge Cases > should handle empty PDF files
âŒ Erro ao extrair texto do PDF: Error: Falha na extraÃ§Ã£o bÃ¡sica de texto: bad XRef entry
    at extractWithPdfParse [90m(/Users/bilal/ProgramacÌ§ao/MariaIntelligence-1/[39mserver/services/ai-adapter.service.ts:411:17[90m)[39m
[90m    at processTicksAndRejections (node:internal/process/task_queues:105:5)[39m
    at AIAdapter.extractTextFromPDF [90m(/Users/bilal/ProgramacÌ§ao/MariaIntelligence-1/[39mserver/services/ai-adapter.service.ts:523:18[90m)[39m
    at [90m/Users/bilal/ProgramacÌ§ao/MariaIntelligence-1/[39mtests/ocr-integration.spec.ts:347:24
    at [90mfile:///Users/bilal/Programac%CC%A7ao/MariaIntelligence-1/[39mnode_modules/[4m@vitest[24m/runner/dist/chunk-hooks.js:752:20

stdout | tests/ocr-api-endpoints.spec.ts > OCR API Endpoints Tests > Base64 Upload Endpoint Tests > should process PDF via base64 upload
ðŸ“‘ Iniciando processamento OCR...
ðŸ“„ Processando arquivo enviado via JSON (base64).
ðŸ¤– Modo de provedor automÃ¡tico ativado.
ðŸ“ AnÃ¡lise de manuscrito: pontuaÃ§Ã£o 0.30

stdout | tests/ocr-api-endpoints.spec.ts > OCR API Endpoints Tests > Base64 Upload Endpoint Tests > should process PDF via base64 upload
ðŸ“ PontuaÃ§Ã£o de manuscrito para "Controlo_5 de Outubro.pdf": 0.30
ðŸ“„ Nenhum serviÃ§o OCR disponÃ­vel, usando extrator nativo (pdf-parse)
ðŸ” Provedor selecionado: native
ðŸ“ AnÃ¡lise de manuscrito: pontuaÃ§Ã£o 0.30

stdout | tests/ocr-api-endpoints.spec.ts > OCR API Endpoints Tests > Base64 Upload Endpoint Tests > should process PDF via base64 upload
ðŸ“ PontuaÃ§Ã£o de manuscrito: 0.30
ðŸ“ Extraindo texto com pdf-parse (mÃ©todo nativo)

stdout | tests/comprehensive-test-suite.spec.ts
ðŸ”§ Inicializando GeminiService em modo mock (implementaÃ§Ã£o direta da API em desenvolvimento)
âœ… Mistral OCR API configurada corretamente
âœ… OpenRouter API configurada corretamente (fallback)
âœ… Hugging Face Token configurado corretamente
ðŸ¤– ServiÃ§o de IA primÃ¡rio configurado para: auto

stderr | tests/comprehensive-test-suite.spec.ts
Nenhuma chave Gemini configurada (GOOGLE_GEMINI_API_KEY ou GOOGLE_API_KEY). Algumas funcionalidades estarÃ£o indisponÃ­veis.
âš ï¸ Nenhuma chave de API do Gemini configurada. Funcionalidades de IA Gemini estarÃ£o limitadas.

stdout | tests/ocr-api-endpoints.spec.ts > OCR API Endpoints Tests > Base64 Upload Endpoint Tests > should process PDF via base64 upload
Warning: TT: undefined function: 32

stderr | tests/ai-functionality-comprehensive.spec.ts
âš ï¸ MISTRAL_API_KEY nÃ£o estÃ¡ configurada. O serviÃ§o Mistral OCR nÃ£o funcionarÃ¡.

stdout | tests/ocr-integration.spec.ts > OCR Integration Tests > Performance and Metrics > should complete OCR within acceptable time limits
ðŸ“ AnÃ¡lise de manuscrito: pontuaÃ§Ã£o 0.30

stdout | tests/ocr-integration.spec.ts > OCR Integration Tests > Performance and Metrics > should complete OCR within acceptable time limits
ðŸ“ PontuaÃ§Ã£o de manuscrito: 0.30
ðŸ” Usando extrator nativo de PDF como fallback (sem IA)
ðŸ“ Extraindo texto com pdf-parse (mÃ©todo nativo)

stdout | tests/ocr-api-endpoints.spec.ts > OCR API Endpoints Tests > Base64 Upload Endpoint Tests > should process PDF via base64 upload
âœ… Texto extraÃ­do com sucesso (613 caracteres)
ðŸ” Iniciando extraÃ§Ã£o de dados de reserva a partir do texto OCR
ðŸ” Usando parser nativo sem IA
âœ… Propriedade identificada: "EXCITING LISBON  5 DE OUTUBRO"
âœ… ExtraÃ­das 1 reservas do texto OCR
âš ï¸ Campos obrigatÃ³rios ausentes: guestName, numGuests, totalAmount

stdout | tests/ocr-api-endpoints.spec.ts > OCR API Endpoints Tests > Base64 Upload Endpoint Tests > should process PDF via base64 upload
â±ï¸ OCR processado em 91ms via native
Armazenamento jÃ¡ estÃ¡ inicializado

stdout | tests/ocr-api-endpoints.spec.ts > OCR API Endpoints Tests > Base64 Upload Endpoint Tests > should process PDF via base64 upload
Chamando mÃ©todo: getProperties com args: []

stdout | tests/ocr-api-endpoints.spec.ts > OCR API Endpoints Tests > Base64 Upload Endpoint Tests > should process PDF via base64 upload
MÃ©todo getProperties completado com sucesso, resultado: object [33m35[39m

stdout | tests/ocr-api-endpoints.spec.ts > OCR API Endpoints Tests > Base64 Upload Endpoint Tests > should process PDF via base64 upload
âš ï¸ Propriedade nÃ£o encontrada: EXCITING LISBON  5 DE OUTUBRO

stdout | tests/ocr-integration.spec.ts > OCR Integration Tests > Performance and Metrics > should complete OCR within acceptable time limits
Warning: TT: undefined function: 32

stdout | tests/ocr-api-endpoints.spec.ts > OCR API Endpoints Tests > Base64 Upload Endpoint Tests > should process PDF via base64 upload
Base64 upload test successful for Controlo_5 de Outubro.pdf
  Provider: native
  Text length: 613 chars

stdout | tests/ocr-api-endpoints.spec.ts > OCR API Endpoints Tests > Base64 Upload Endpoint Tests > should handle invalid base64 data
ðŸ“‘ Iniciando processamento OCR...
ðŸ“„ Processando arquivo enviado via JSON (base64).
ðŸ¤– Modo de provedor automÃ¡tico ativado.
ðŸ“ AnÃ¡lise de manuscrito: pontuaÃ§Ã£o 0.63

stdout | tests/ocr-api-endpoints.spec.ts > OCR API Endpoints Tests > Base64 Upload Endpoint Tests > should handle invalid base64 data
ðŸ“ PontuaÃ§Ã£o de manuscrito para "test.pdf": 0.63
ðŸ“„ Nenhum serviÃ§o OCR disponÃ­vel, usando extrator nativo (pdf-parse)
ðŸ” Provedor selecionado: native
ðŸ“ AnÃ¡lise de manuscrito: pontuaÃ§Ã£o 0.63

stdout | tests/ocr-api-endpoints.spec.ts > OCR API Endpoints Tests > Base64 Upload Endpoint Tests > should handle invalid base64 data
ðŸ“ PontuaÃ§Ã£o de manuscrito: 0.63
ðŸ“ Extraindo texto com pdf-parse (mÃ©todo nativo)

stdout | tests/ocr-api-endpoints.spec.ts > OCR API Endpoints Tests > Base64 Upload Endpoint Tests > should handle invalid base64 data
Warning: Indexing all PDF objects

stdout | tests/ocr-integration.spec.ts > OCR Integration Tests > Performance and Metrics > should complete OCR within acceptable time limits
Performance metrics for Controlo_5 de Outubro.pdf:
  File size: 98.74 KB
  Processing time: 15 ms
  Text extracted: 613 chars
  Throughput: 40.87 chars/ms
  File throughput: 6.43 MB/s

stdout | tests/comprehensive-test-suite.spec.ts
Warning: Indexing all PDF objects

stderr | tests/ocr-api-endpoints.spec.ts > OCR API Endpoints Tests > Base64 Upload Endpoint Tests > should handle invalid base64 data
âŒ Erro ao extrair texto com pdf-parse: Error: 
    at InvalidPDFExceptionClosure [90m(/Users/bilal/ProgramacÌ§ao/MariaIntelligence-1/[39mnode_modules/[4mpdf-parse[24m/lib/pdf.js/v1.10.100/build/webpack:/src/shared/util.js:412:35[90m)[39m
    at Object.<anonymous> [90m(/Users/bilal/ProgramacÌ§ao/MariaIntelligence-1/[39mnode_modules/[4mpdf-parse[24m/lib/pdf.js/v1.10.100/build/webpack:/src/shared/util.js:406:28[90m)[39m
    at __w_pdfjs_require__ [90m(/Users/bilal/ProgramacÌ§ao/MariaIntelligence-1/[39mnode_modules/[4mpdf-parse[24m/lib/pdf.js/v1.10.100/build/webpack:/webpack/bootstrap c9be985464785b4e5413:19:1[90m)[39m
    at Object.<anonymous> [90m(/Users/bilal/ProgramacÌ§ao/MariaIntelligence-1/[39mnode_modules/[4mpdf-parse[24m/lib/pdf.js/v1.10.100/build/webpack:/src/pdf.js:24:23[90m)[39m
    at __w_pdfjs_require__ [90m(/Users/bilal/ProgramacÌ§ao/MariaIntelligence-1/[39mnode_modules/[4mpdf-parse[24m/lib/pdf.js/v1.10.100/build/webpack:/webpack/bootstrap c9be985464785b4e5413:19:1[90m)[39m
    at [90m/Users/bilal/ProgramacÌ§ao/MariaIntelligence-1/[39mnode_modules/[4mpdf-parse[24m/lib/pdf.js/v1.10.100/build/webpack:/webpack/bootstrap c9be985464785b4e5413:62:1
    at [90m/Users/bilal/ProgramacÌ§ao/MariaIntelligence-1/[39mnode_modules/[4mpdf-parse[24m/lib/pdf.js/v1.10.100/build/pdf.js:91:10
    at webpackUniversalModuleDefinition [90m(/Users/bilal/ProgramacÌ§ao/MariaIntelligence-1/[39mnode_modules/[4mpdf-parse[24m/lib/pdf.js/v1.10.100/build/webpack:/webpack/universalModuleDefinition:3:1[90m)[39m
    at Object.<anonymous> [90m(/Users/bilal/ProgramacÌ§ao/MariaIntelligence-1/[39mnode_modules/[4mpdf-parse[24m/lib/pdf.js/v1.10.100/build/webpack:/webpack/universalModuleDefinition:10:2[90m)[39m
[90m    at Module._compile (node:internal/modules/cjs/loader:1738:14)[39m {
  message: [32m'Invalid PDF structure'[39m
}

stderr | tests/ocr-api-endpoints.spec.ts > OCR API Endpoints Tests > Base64 Upload Endpoint Tests > should handle invalid base64 data
âŒ Erro ao extrair texto do PDF: Error: Falha na extraÃ§Ã£o bÃ¡sica de texto: Invalid PDF structure
    at extractWithPdfParse [90m(/Users/bilal/ProgramacÌ§ao/MariaIntelligence-1/[39mserver/services/ai-adapter.service.ts:411:17[90m)[39m
[90m    at processTicksAndRejections (node:internal/process/task_queues:105:5)[39m
    at AIAdapter.extractTextFromPDF [90m(/Users/bilal/ProgramacÌ§ao/MariaIntelligence-1/[39mserver/services/ai-adapter.service.ts:523:18[90m)[39m
    at processOCR [90m(/Users/bilal/ProgramacÌ§ao/MariaIntelligence-1/[39mserver/controllers/ocr.controller.ts:391:23[90m)[39m

stderr | tests/ocr-api-endpoints.spec.ts > OCR API Endpoints Tests > Base64 Upload Endpoint Tests > should handle invalid base64 data
Erro ao extrair texto do PDF: Error: Falha na extraÃ§Ã£o de texto: Falha na extraÃ§Ã£o bÃ¡sica de texto: Invalid PDF structure
    at AIAdapter.extractTextFromPDF [90m(/Users/bilal/ProgramacÌ§ao/MariaIntelligence-1/[39mserver/services/ai-adapter.service.ts:560:13[90m)[39m
[90m    at processTicksAndRejections (node:internal/process/task_queues:105:5)[39m
    at processOCR [90m(/Users/bilal/ProgramacÌ§ao/MariaIntelligence-1/[39mserver/controllers/ocr.controller.ts:391:23[90m)[39m

stderr | tests/ocr-api-endpoints.spec.ts > OCR API Endpoints Tests > Provider Selection Tests > should accept provider parameter in query string
OPENROUTER_API_KEY not configured, skipping provider selection test

stdout | tests/ocr-api-endpoints.spec.ts > OCR API Endpoints Tests > Provider Selection Tests > should test all available providers
ðŸ“‘ Processando OCR [Rota unificada]...

stderr | tests/ocr-api-endpoints.spec.ts > OCR API Endpoints Tests > Provider Selection Tests > should test all available providers
Erro ao ler arquivo: TypeError: The "path" argument must be of type string or an instance of Buffer or URL. Received undefined
[90m    at Object.openSync (node:fs:561:5)[39m
[90m    at Object.readFileSync (node:fs:444:35)[39m
    at postOcr [90m(/Users/bilal/ProgramacÌ§ao/MariaIntelligence-1/[39mserver/controllers/ocr.controller.ts:68:22[90m)[39m
    at Layer.handle [as handle_request] [90m(/Users/bilal/ProgramacÌ§ao/MariaIntelligence-1/[39mnode_modules/[4mexpress[24m/lib/router/layer.js:95:5[90m)[39m
    at next [90m(/Users/bilal/ProgramacÌ§ao/MariaIntelligence-1/[39mnode_modules/[4mexpress[24m/lib/router/route.js:149:13[90m)[39m
    at done [90m(/Users/bilal/ProgramacÌ§ao/MariaIntelligence-1/[39mnode_modules/[4mmulter[24m/lib/make-middleware.js:47:7[90m)[39m
    at indicateDone [90m(/Users/bilal/ProgramacÌ§ao/MariaIntelligence-1/[39mnode_modules/[4mmulter[24m/lib/make-middleware.js:51:68[90m)[39m
    at Multipart.<anonymous> [90m(/Users/bilal/ProgramacÌ§ao/MariaIntelligence-1/[39mnode_modules/[4mmulter[24m/lib/make-middleware.js:168:7[90m)[39m
[90m    at Multipart.emit (node:events:508:28)[39m
[90m    at emitCloseNT (node:internal/streams/destroy:148:10)[39m {
  code: [32m'ERR_INVALID_ARG_TYPE'[39m
}

stdout | tests/ocr-api-endpoints.spec.ts > OCR API Endpoints Tests > Provider Selection Tests > should test all available providers
Skipping mistral-ocr - MISTRAL_API_KEY not configured
Skipping openrouter - OPENROUTER_API_KEY not configured
Skipping rolm - HF_TOKEN not configured

stderr | tests/ocr-integration.spec.ts > OCR Integration Tests > API Endpoint Integration > should test OCR endpoint if server is running
Server not running, skipping API endpoint test

stdout | tests/ocr-api-endpoints.spec.ts > OCR API Endpoints Tests > Provider Selection Tests > should test all available providers
ðŸ“‘ Processando OCR [Rota unificada]...

stdout | tests/ocr-integration.spec.ts > OCR Integration Tests

=== OCR Integration Test Summary ===

Total tests: 2
Successful: 2 (100.0%)
Failed: 0
Average processing time: 27.00ms
Average text length: 613 characters
Provider usage: auto: 1, native: 1

Failed tests:

  

stderr | tests/ocr-api-endpoints.spec.ts > OCR API Endpoints Tests > Provider Selection Tests > should test all available providers
Erro ao ler arquivo: TypeError: The "path" argument must be of type string or an instance of Buffer or URL. Received undefined
[90m    at Object.openSync (node:fs:561:5)[39m
[90m    at Object.readFileSync (node:fs:444:35)[39m
    at postOcr [90m(/Users/bilal/ProgramacÌ§ao/MariaIntelligence-1/[39mserver/controllers/ocr.controller.ts:68:22[90m)[39m
    at Layer.handle [as handle_request] [90m(/Users/bilal/ProgramacÌ§ao/MariaIntelligence-1/[39mnode_modules/[4mexpress[24m/lib/router/layer.js:95:5[90m)[39m
    at next [90m(/Users/bilal/ProgramacÌ§ao/MariaIntelligence-1/[39mnode_modules/[4mexpress[24m/lib/router/route.js:149:13[90m)[39m
    at done [90m(/Users/bilal/ProgramacÌ§ao/MariaIntelligence-1/[39mnode_modules/[4mmulter[24m/lib/make-middleware.js:47:7[90m)[39m
    at indicateDone [90m(/Users/bilal/ProgramacÌ§ao/MariaIntelligence-1/[39mnode_modules/[4mmulter[24m/lib/make-middleware.js:51:68[90m)[39m
    at Multipart.<anonymous> [90m(/Users/bilal/ProgramacÌ§ao/MariaIntelligence-1/[39mnode_modules/[4mmulter[24m/lib/make-middleware.js:168:7[90m)[39m
[90m    at Multipart.emit (node:events:508:28)[39m
[90m    at emitCloseNT (node:internal/streams/destroy:148:10)[39m {
  code: [32m'ERR_INVALID_ARG_TYPE'[39m
}

stdout | tests/ocr-api-endpoints.spec.ts > OCR API Endpoints Tests > Provider Selection Tests > should test all available providers

Provider API Test Results:
======================================================================
auto         | FAILED  | Request failed with status code 500
native       | FAILED  | Request failed with status code 500

 â¯ tests/ocr-integration.spec.ts (18 tests | 2 failed) 396ms
   âœ“ OCR Integration Tests > PDF File Discovery and Validation > should find PDF files in public directory 2ms
   âœ“ OCR Integration Tests > PDF File Discovery and Validation > should validate PDF file accessibility 2ms
   âœ“ OCR Integration Tests > PDF File Discovery and Validation > should categorize PDF types correctly 0ms
   Ã— OCR Integration Tests > OCR Service Configuration > should have at least one OCR service configured 6ms
     â†’ expected false to be true // Object.is equality
   Ã— OCR Integration Tests > OCR Service Configuration > should detect available OCR providers 0ms
     â†’ expected 0 to be greater than 0
   âœ“ OCR Integration Tests > OCR Service Configuration > should test Mistral OCR connection if configured 0ms
   âœ“ OCR Integration Tests > Single PDF OCR Processing > should process a Controlo PDF with auto provider 39ms
   âœ“ OCR Integration Tests > Single PDF OCR Processing > should process with Mistral OCR specifically 0ms
   âœ“ OCR Integration Tests > Single PDF OCR Processing > should process with OpenRouter fallback 0ms
   âœ“ OCR Integration Tests > Single PDF OCR Processing > should handle native extraction as fallback 16ms
   âœ“ OCR Integration Tests > Batch PDF Processing > should process multiple PDFs in sequence 143ms
   âœ“ OCR Integration Tests > Data Extraction and Validation > should extract structured data from PDF text 12ms
   âœ“ OCR Integration Tests > Data Extraction and Validation > should handle property name matching 0ms
   âœ“ OCR Integration Tests > Error Handling and Edge Cases > should handle corrupted PDF files gracefully 16ms
   âœ“ OCR Integration Tests > Error Handling and Edge Cases > should handle empty PDF files 1ms
   âœ“ OCR Integration Tests > Error Handling and Edge Cases > should handle network timeouts gracefully 101ms
   âœ“ OCR Integration Tests > Performance and Metrics > should complete OCR within acceptable time limits 16ms
   âœ“ OCR Integration Tests > API Endpoint Integration > should test OCR endpoint if server is running 37ms
stdout | tests/ocr-api-endpoints.spec.ts > OCR API Endpoints Tests > Response Format Validation > should return properly structured response
ðŸ“‘ Processando OCR [Rota unificada]...

stderr | tests/ocr-api-endpoints.spec.ts > OCR API Endpoints Tests > Response Format Validation > should return properly structured response
Erro ao ler arquivo: TypeError: The "path" argument must be of type string or an instance of Buffer or URL. Received undefined
[90m    at Object.openSync (node:fs:561:5)[39m
[90m    at Object.readFileSync (node:fs:444:35)[39m
    at postOcr [90m(/Users/bilal/ProgramacÌ§ao/MariaIntelligence-1/[39mserver/controllers/ocr.controller.ts:68:22[90m)[39m
    at Layer.handle [as handle_request] [90m(/Users/bilal/ProgramacÌ§ao/MariaIntelligence-1/[39mnode_modules/[4mexpress[24m/lib/router/layer.js:95:5[90m)[39m
    at next [90m(/Users/bilal/ProgramacÌ§ao/MariaIntelligence-1/[39mnode_modules/[4mexpress[24m/lib/router/route.js:149:13[90m)[39m
    at done [90m(/Users/bilal/ProgramacÌ§ao/MariaIntelligence-1/[39mnode_modules/[4mmulter[24m/lib/make-middleware.js:47:7[90m)[39m
    at indicateDone [90m(/Users/bilal/ProgramacÌ§ao/MariaIntelligence-1/[39mnode_modules/[4mmulter[24m/lib/make-middleware.js:51:68[90m)[39m
    at Multipart.<anonymous> [90m(/Users/bilal/ProgramacÌ§ao/MariaIntelligence-1/[39mnode_modules/[4mmulter[24m/lib/make-middleware.js:168:7[90m)[39m
[90m    at Multipart.emit (node:events:508:28)[39m
[90m    at emitCloseNT (node:internal/streams/destroy:148:10)[39m {
  code: [32m'ERR_INVALID_ARG_TYPE'[39m
}

stdout | tests/ocr-api-endpoints.spec.ts > OCR API Endpoints Tests > Response Format Validation > should include reservation data when detected
ðŸ“‘ Processando OCR [Rota unificada]...

stderr | tests/ocr-api-endpoints.spec.ts > OCR API Endpoints Tests > Response Format Validation > should include reservation data when detected
Erro ao ler arquivo: TypeError: The "path" argument must be of type string or an instance of Buffer or URL. Received undefined
[90m    at Object.openSync (node:fs:561:5)[39m
[90m    at Object.readFileSync (node:fs:444:35)[39m
    at postOcr [90m(/Users/bilal/ProgramacÌ§ao/MariaIntelligence-1/[39mserver/controllers/ocr.controller.ts:68:22[90m)[39m
    at Layer.handle [as handle_request] [90m(/Users/bilal/ProgramacÌ§ao/MariaIntelligence-1/[39mnode_modules/[4mexpress[24m/lib/router/layer.js:95:5[90m)[39m
    at next [90m(/Users/bilal/ProgramacÌ§ao/MariaIntelligence-1/[39mnode_modules/[4mexpress[24m/lib/router/route.js:149:13[90m)[39m
    at done [90m(/Users/bilal/ProgramacÌ§ao/MariaIntelligence-1/[39mnode_modules/[4mmulter[24m/lib/make-middleware.js:47:7[90m)[39m
    at indicateDone [90m(/Users/bilal/ProgramacÌ§ao/MariaIntelligence-1/[39mnode_modules/[4mmulter[24m/lib/make-middleware.js:51:68[90m)[39m
    at Multipart.<anonymous> [90m(/Users/bilal/ProgramacÌ§ao/MariaIntelligence-1/[39mnode_modules/[4mmulter[24m/lib/make-middleware.js:168:7[90m)[39m
[90m    at Multipart.emit (node:events:508:28)[39m
[90m    at emitCloseNT (node:internal/streams/destroy:148:10)[39m {
  code: [32m'ERR_INVALID_ARG_TYPE'[39m
}

stdout | tests/ocr-api-endpoints.spec.ts > OCR API Endpoints Tests > Error Handling Tests > should handle missing file parameter
ðŸ“‘ Processando OCR [Rota unificada]...

stderr | tests/ocr-api-endpoints.spec.ts > OCR API Endpoints Tests > Error Handling Tests > should handle malformed JSON in base64 endpoint
Test server error: SyntaxError: Unexpected token '"', ""invalid json"" is not valid JSON
    at JSON.parse (<anonymous>)
    at createStrictSyntaxError [90m(/Users/bilal/ProgramacÌ§ao/MariaIntelligence-1/[39mnode_modules/[4mexpress[24m/node_modules/[4mbody-parser[24m/lib/types/json.js:169:10[90m)[39m
    at parse [90m(/Users/bilal/ProgramacÌ§ao/MariaIntelligence-1/[39mnode_modules/[4mexpress[24m/node_modules/[4mbody-parser[24m/lib/types/json.js:86:15[90m)[39m
    at [90m/Users/bilal/ProgramacÌ§ao/MariaIntelligence-1/[39mnode_modules/[4mexpress[24m/node_modules/[4mbody-parser[24m/lib/read.js:128:18
[90m    at AsyncResource.runInAsyncScope (node:async_hooks:214:14)[39m
    at invokeCallback [90m(/Users/bilal/ProgramacÌ§ao/MariaIntelligence-1/[39mnode_modules/[4mexpress[24m/node_modules/[4mraw-body[24m/index.js:238:16[90m)[39m
    at done [90m(/Users/bilal/ProgramacÌ§ao/MariaIntelligence-1/[39mnode_modules/[4mexpress[24m/node_modules/[4mraw-body[24m/index.js:227:7[90m)[39m
    at IncomingMessage.onEnd [90m(/Users/bilal/ProgramacÌ§ao/MariaIntelligence-1/[39mnode_modules/[4mexpress[24m/node_modules/[4mraw-body[24m/index.js:287:7[90m)[39m
[90m    at IncomingMessage.emit (node:events:508:28)[39m
[90m    at endReadableNT (node:internal/streams/readable:1701:12)[39m {
  expose: [33mtrue[39m,
  statusCode: [33m400[39m,
  status: [33m400[39m,
  body: [32m'"invalid json"'[39m,
  type: [32m'entity.parse.failed'[39m
}

stdout | tests/ocr-api-endpoints.spec.ts > OCR API Endpoints Tests > Error Handling Tests > should handle server errors gracefully
ðŸ“‘ Processando OCR [Rota unificada]...

stderr | tests/ocr-api-endpoints.spec.ts > OCR API Endpoints Tests > Error Handling Tests > should handle server errors gracefully
Erro ao ler arquivo: TypeError: The "path" argument must be of type string or an instance of Buffer or URL. Received undefined
[90m    at Object.openSync (node:fs:561:5)[39m
[90m    at Object.readFileSync (node:fs:444:35)[39m
    at postOcr [90m(/Users/bilal/ProgramacÌ§ao/MariaIntelligence-1/[39mserver/controllers/ocr.controller.ts:68:22[90m)[39m
    at Layer.handle [as handle_request] [90m(/Users/bilal/ProgramacÌ§ao/MariaIntelligence-1/[39mnode_modules/[4mexpress[24m/lib/router/layer.js:95:5[90m)[39m
    at next [90m(/Users/bilal/ProgramacÌ§ao/MariaIntelligence-1/[39mnode_modules/[4mexpress[24m/lib/router/route.js:149:13[90m)[39m
    at done [90m(/Users/bilal/ProgramacÌ§ao/MariaIntelligence-1/[39mnode_modules/[4mmulter[24m/lib/make-middleware.js:47:7[90m)[39m
    at indicateDone [90m(/Users/bilal/ProgramacÌ§ao/MariaIntelligence-1/[39mnode_modules/[4mmulter[24m/lib/make-middleware.js:51:68[90m)[39m
    at Multipart.<anonymous> [90m(/Users/bilal/ProgramacÌ§ao/MariaIntelligence-1/[39mnode_modules/[4mmulter[24m/lib/make-middleware.js:168:7[90m)[39m
[90m    at Multipart.emit (node:events:508:28)[39m
[90m    at emitCloseNT (node:internal/streams/destroy:148:10)[39m {
  code: [32m'ERR_INVALID_ARG_TYPE'[39m
}

stdout | tests/ocr-api-endpoints.spec.ts > OCR API Endpoints Tests > Performance and Load Tests > should handle concurrent requests
ðŸ“‘ Processando OCR [Rota unificada]...

stderr | tests/ocr-api-endpoints.spec.ts > OCR API Endpoints Tests > Performance and Load Tests > should handle concurrent requests
Erro ao ler arquivo: TypeError: The "path" argument must be of type string or an instance of Buffer or URL. Received undefined
[90m    at Object.openSync (node:fs:561:5)[39m
[90m    at Object.readFileSync (node:fs:444:35)[39m
    at postOcr [90m(/Users/bilal/ProgramacÌ§ao/MariaIntelligence-1/[39mserver/controllers/ocr.controller.ts:68:22[90m)[39m
    at Layer.handle [as handle_request] [90m(/Users/bilal/ProgramacÌ§ao/MariaIntelligence-1/[39mnode_modules/[4mexpress[24m/lib/router/layer.js:95:5[90m)[39m
    at next [90m(/Users/bilal/ProgramacÌ§ao/MariaIntelligence-1/[39mnode_modules/[4mexpress[24m/lib/router/route.js:149:13[90m)[39m
    at done [90m(/Users/bilal/ProgramacÌ§ao/MariaIntelligence-1/[39mnode_modules/[4mmulter[24m/lib/make-middleware.js:47:7[90m)[39m
    at indicateDone [90m(/Users/bilal/ProgramacÌ§ao/MariaIntelligence-1/[39mnode_modules/[4mmulter[24m/lib/make-middleware.js:51:68[90m)[39m
    at Multipart.<anonymous> [90m(/Users/bilal/ProgramacÌ§ao/MariaIntelligence-1/[39mnode_modules/[4mmulter[24m/lib/make-middleware.js:168:7[90m)[39m
[90m    at Multipart.emit (node:events:508:28)[39m
[90m    at emitCloseNT (node:internal/streams/destroy:148:10)[39m {
  code: [32m'ERR_INVALID_ARG_TYPE'[39m
}

stderr | tests/test-runner.spec.ts
DATABASE_URL nÃ£o estÃ¡ definida. Usando armazenamento em memÃ³ria.

stdout | tests/ocr-api-endpoints.spec.ts > OCR API Endpoints Tests > Performance and Load Tests > should handle concurrent requests
ðŸ“‘ Processando OCR [Rota unificada]...

stderr | tests/ocr-api-endpoints.spec.ts > OCR API Endpoints Tests > Performance and Load Tests > should handle concurrent requests
Erro ao ler arquivo: TypeError: The "path" argument must be of type string or an instance of Buffer or URL. Received undefined
[90m    at Object.openSync (node:fs:561:5)[39m
[90m    at Object.readFileSync (node:fs:444:35)[39m
    at postOcr [90m(/Users/bilal/ProgramacÌ§ao/MariaIntelligence-1/[39mserver/controllers/ocr.controller.ts:68:22[90m)[39m
    at Layer.handle [as handle_request] [90m(/Users/bilal/ProgramacÌ§ao/MariaIntelligence-1/[39mnode_modules/[4mexpress[24m/lib/router/layer.js:95:5[90m)[39m
    at next [90m(/Users/bilal/ProgramacÌ§ao/MariaIntelligence-1/[39mnode_modules/[4mexpress[24m/lib/router/route.js:149:13[90m)[39m
    at done [90m(/Users/bilal/ProgramacÌ§ao/MariaIntelligence-1/[39mnode_modules/[4mmulter[24m/lib/make-middleware.js:47:7[90m)[39m
    at indicateDone [90m(/Users/bilal/ProgramacÌ§ao/MariaIntelligence-1/[39mnode_modules/[4mmulter[24m/lib/make-middleware.js:51:68[90m)[39m
    at Multipart.<anonymous> [90m(/Users/bilal/ProgramacÌ§ao/MariaIntelligence-1/[39mnode_modules/[4mmulter[24m/lib/make-middleware.js:168:7[90m)[39m
[90m    at Multipart.emit (node:events:508:28)[39m
[90m    at emitCloseNT (node:internal/streams/destroy:148:10)[39m {
  code: [32m'ERR_INVALID_ARG_TYPE'[39m
}

stdout | tests/ocr-api-endpoints.spec.ts > OCR API Endpoints Tests
Test server closed

stdout | tests/test-runner.spec.ts
Usando armazenamento em memÃ³ria
Usando armazenamento em memÃ³ria por configuraÃ§Ã£o

stdout | tests/test-runner.spec.ts
######### USANDO MemStorage #########

stdout | tests/ocr-api-endpoints.spec.ts
ðŸ“‘ Processando OCR [Rota unificada]...

stderr | tests/ocr-api-endpoints.spec.ts
Erro ao ler arquivo: TypeError: The "path" argument must be of type string or an instance of Buffer or URL. Received undefined
[90m    at Object.openSync (node:fs:561:5)[39m
[90m    at Object.readFileSync (node:fs:444:35)[39m
    at postOcr [90m(/Users/bilal/ProgramacÌ§ao/MariaIntelligence-1/[39mserver/controllers/ocr.controller.ts:68:22[90m)[39m
    at Layer.handle [as handle_request] [90m(/Users/bilal/ProgramacÌ§ao/MariaIntelligence-1/[39mnode_modules/[4mexpress[24m/lib/router/layer.js:95:5[90m)[39m
    at next [90m(/Users/bilal/ProgramacÌ§ao/MariaIntelligence-1/[39mnode_modules/[4mexpress[24m/lib/router/route.js:149:13[90m)[39m
    at done [90m(/Users/bilal/ProgramacÌ§ao/MariaIntelligence-1/[39mnode_modules/[4mmulter[24m/lib/make-middleware.js:47:7[90m)[39m
    at indicateDone [90m(/Users/bilal/ProgramacÌ§ao/MariaIntelligence-1/[39mnode_modules/[4mmulter[24m/lib/make-middleware.js:51:68[90m)[39m
    at Multipart.<anonymous> [90m(/Users/bilal/ProgramacÌ§ao/MariaIntelligence-1/[39mnode_modules/[4mmulter[24m/lib/make-middleware.js:168:7[90m)[39m
[90m    at Multipart.emit (node:events:508:28)[39m
[90m    at emitCloseNT (node:internal/streams/destroy:148:10)[39m {
  code: [32m'ERR_INVALID_ARG_TYPE'[39m
}

 â¯ tests/ocr-api-endpoints.spec.ts (16 tests | 8 failed) 349ms
   âœ“ OCR API Endpoints Tests > Server Setup and Health > should start test server successfully 29ms
   âœ“ OCR API Endpoints Tests > Server Setup and Health > should have PDF files available for testing 0ms
   Ã— OCR API Endpoints Tests > File Upload Endpoint Tests > should upload and process PDF via /api/ocr/upload 16ms
     â†’ Request failed with status code 500
   Ã— OCR API Endpoints Tests > File Upload Endpoint Tests > should process PDF via /api/ocr/process with file upload 6ms
     â†’ Request failed with status code 500
   Ã— OCR API Endpoints Tests > File Upload Endpoint Tests > should reject non-PDF files 7ms
     â†’ expected 500 to be 422 // Object.is equality
   âœ“ OCR API Endpoints Tests > File Upload Endpoint Tests > should handle oversized files 94ms
   âœ“ OCR API Endpoints Tests > Base64 Upload Endpoint Tests > should process PDF via base64 upload 107ms
   âœ“ OCR API Endpoints Tests > Base64 Upload Endpoint Tests > should handle invalid base64 data 33ms
   âœ“ OCR API Endpoints Tests > Provider Selection Tests > should accept provider parameter in query string 0ms
   Ã— OCR API Endpoints Tests > Provider Selection Tests > should test all available providers 10ms
     â†’ expected 0 to be greater than 0
   Ã— OCR API Endpoints Tests > Response Format Validation > should return properly structured response 6ms
     â†’ Request failed with status code 500
   Ã— OCR API Endpoints Tests > Response Format Validation > should include reservation data when detected 14ms
     â†’ Request failed with status code 500
   âœ“ OCR API Endpoints Tests > Error Handling Tests > should handle missing file parameter 7ms
   âœ“ OCR API Endpoints Tests > Error Handling Tests > should handle malformed JSON in base64 endpoint 3ms
   Ã— OCR API Endpoints Tests > Error Handling Tests > should handle server errors gracefully 5ms
     â†’ expected { success: false, â€¦(1) } to have property "error"
   Ã— OCR API Endpoints Tests > Performance and Load Tests > should handle concurrent requests 6ms
     â†’ Request failed with status code 500
stdout | tests/test-runner.spec.ts
ServiÃ§o RAG Aprimorado inicializado

stdout | tests/test-runner.spec.ts
ðŸ”§ Inicializando GeminiService em modo mock (implementaÃ§Ã£o direta da API em desenvolvimento)
âœ… Mistral OCR API configurada corretamente
âœ… OpenRouter API configurada corretamente (fallback)
âœ… Hugging Face Token configurado corretamente
ðŸ¤– ServiÃ§o de IA primÃ¡rio configurado para: auto

stderr | tests/test-runner.spec.ts
Nenhuma chave Gemini configurada (GOOGLE_GEMINI_API_KEY ou GOOGLE_API_KEY). Algumas funcionalidades estarÃ£o indisponÃ­veis.
âš ï¸ Nenhuma chave de API do Gemini configurada. Funcionalidades de IA Gemini estarÃ£o limitadas.

stdout | tests/test-runner.spec.ts
Warning: Indexing all PDF objects

stderr | tests/deployment-validation.spec.ts
[vitest] skipping suite: Deployment validation tests skipped (ENABLE_FULL_STACK_TESTS=true to enable)

 â†“ tests/deployment-validation.spec.ts (11 tests | 11 skipped)
stdout | tests/comprehensive-test-suite.spec.ts
Inicializando aplicaÃ§Ã£o com seguranÃ§a aprimoradaâ€¦

stderr | tests/ai-functionality-comprehensive.spec.ts
DATABASE_URL nÃ£o estÃ¡ definida. Usando armazenamento em memÃ³ria.

stdout | tests/ai-functionality-comprehensive.spec.ts
Usando armazenamento em memÃ³ria
Usando armazenamento em memÃ³ria por configuraÃ§Ã£o

stdout | tests/ai-functionality-comprehensive.spec.ts
######### USANDO MemStorage #########

stdout | tests/ai-functionality-comprehensive.spec.ts
ServiÃ§o RAG Aprimorado inicializado

stderr | tests/ai-functionality-comprehensive.spec.ts
âš ï¸ OPENROUTER_API_KEY nÃ£o estÃ¡ configurada. O serviÃ§o OpenRouter nÃ£o funcionarÃ¡.
Nenhuma chave Gemini configurada (GOOGLE_GEMINI_API_KEY ou GOOGLE_API_KEY). Algumas funcionalidades estarÃ£o indisponÃ­veis.
âš ï¸ HF_TOKEN nÃ£o estÃ¡ configurado. O serviÃ§o RolmOCR nÃ£o funcionarÃ¡ para manuscritos.
âš ï¸ MISTRAL_API_KEY nÃ£o estÃ¡ configurada. OCR via Mistral API nÃ£o funcionarÃ¡.
âš ï¸ OPENROUTER_API_KEY nÃ£o estÃ¡ configurada. Fallback via OpenRouter nÃ£o funcionarÃ¡.
âš ï¸ Nenhuma chave de API do Gemini configurada. Funcionalidades de IA Gemini estarÃ£o limitadas.
âš ï¸ HF_TOKEN nÃ£o estÃ¡ configurado. Processamento de manuscritos via RolmOCR nÃ£o funcionarÃ¡.

stdout | tests/ai-functionality-comprehensive.spec.ts
ðŸ”§ Inicializando GeminiService em modo mock (implementaÃ§Ã£o direta da API em desenvolvimento)
ðŸ¤– ServiÃ§o de IA primÃ¡rio configurado para: auto

stdout | tests/ai-functionality-comprehensive.spec.ts
Warning: Indexing all PDF objects

stderr | tests/ai-functionality-comprehensive.spec.ts
[vitest] skipping suite: AI functionality comprehensive suite skipped (AI_SERVICE_MODE=live required)

 â†“ tests/ai-functionality-comprehensive.spec.ts (17 tests | 17 skipped)
stdout | tests/test-runner.spec.ts
Inicializando aplicaÃ§Ã£o com seguranÃ§a aprimoradaâ€¦

stderr | tests/gemini-health-endpoints.spec.ts
DATABASE_URL nÃ£o estÃ¡ definida. Usando armazenamento em memÃ³ria.

stdout | tests/gemini-health-endpoints.spec.ts
Usando armazenamento em memÃ³ria
Usando armazenamento em memÃ³ria por configuraÃ§Ã£o

stdout | tests/gemini-health-endpoints.spec.ts
######### USANDO MemStorage #########

stdout | tests/gemini-health-endpoints.spec.ts
ServiÃ§o RAG Aprimorado inicializado

stderr | tests/performance-benchmarks.spec.ts
DATABASE_URL nÃ£o estÃ¡ definida. Usando armazenamento em memÃ³ria.

stdout | tests/performance-benchmarks.spec.ts
Usando armazenamento em memÃ³ria
Usando armazenamento em memÃ³ria por configuraÃ§Ã£o

stdout | tests/performance-benchmarks.spec.ts
######### USANDO MemStorage #########

stderr | tests/gemini-health-endpoints.spec.ts
Nenhuma chave Gemini configurada (GOOGLE_GEMINI_API_KEY ou GOOGLE_API_KEY). Algumas funcionalidades estarÃ£o indisponÃ­veis.
âš ï¸ Nenhuma chave de API do Gemini configurada. Funcionalidades de IA Gemini estarÃ£o limitadas.

stdout | tests/gemini-health-endpoints.spec.ts
ðŸ”§ Inicializando GeminiService em modo mock (implementaÃ§Ã£o direta da API em desenvolvimento)
âœ… Mistral OCR API configurada corretamente
âœ… OpenRouter API configurada corretamente (fallback)
âœ… Hugging Face Token configurado corretamente
ðŸ¤– ServiÃ§o de IA primÃ¡rio configurado para: auto

stdout | tests/gemini-health-endpoints.spec.ts
Warning: Indexing all PDF objects

stdout | tests/performance-benchmarks.spec.ts
ServiÃ§o RAG Aprimorado inicializado

stdout | tests/performance-benchmarks.spec.ts
ðŸ”§ Inicializando GeminiService em modo mock (implementaÃ§Ã£o direta da API em desenvolvimento)
âœ… Mistral OCR API configurada corretamente
âœ… OpenRouter API configurada corretamente (fallback)
âœ… Hugging Face Token configurado corretamente
ðŸ¤– ServiÃ§o de IA primÃ¡rio configurado para: auto

stderr | tests/performance-benchmarks.spec.ts
Nenhuma chave Gemini configurada (GOOGLE_GEMINI_API_KEY ou GOOGLE_API_KEY). Algumas funcionalidades estarÃ£o indisponÃ­veis.
âš ï¸ Nenhuma chave de API do Gemini configurada. Funcionalidades de IA Gemini estarÃ£o limitadas.

stderr | tests/security-tests.spec.ts
DATABASE_URL nÃ£o estÃ¡ definida. Usando armazenamento em memÃ³ria.

stdout | tests/security-tests.spec.ts
Usando armazenamento em memÃ³ria
Usando armazenamento em memÃ³ria por configuraÃ§Ã£o

stdout | tests/security-tests.spec.ts
######### USANDO MemStorage #########

stdout | tests/performance-benchmarks.spec.ts
Warning: Indexing all PDF objects

stdout | tests/gemini-health-endpoints.spec.ts
Inicializando aplicaÃ§Ã£o com seguranÃ§a aprimoradaâ€¦

stderr | tests/gemini-health-endpoints.spec.ts
[vitest] skipping suite: Gemini health endpoint tests skipped (ENABLE_FULL_STACK_TESTS=true required)

 â†“ tests/gemini-health-endpoints.spec.ts (14 tests | 14 skipped)
stdout | tests/security-tests.spec.ts
ServiÃ§o RAG Aprimorado inicializado

stderr | tests/security-tests.spec.ts
Nenhuma chave Gemini configurada (GOOGLE_GEMINI_API_KEY ou GOOGLE_API_KEY). Algumas funcionalidades estarÃ£o indisponÃ­veis.
âš ï¸ Nenhuma chave de API do Gemini configurada. Funcionalidades de IA Gemini estarÃ£o limitadas.

stdout | tests/security-tests.spec.ts
ðŸ”§ Inicializando GeminiService em modo mock (implementaÃ§Ã£o direta da API em desenvolvimento)
âœ… Mistral OCR API configurada corretamente
âœ… OpenRouter API configurada corretamente (fallback)
âœ… Hugging Face Token configurado corretamente
ðŸ¤– ServiÃ§o de IA primÃ¡rio configurado para: auto

stdout | tests/security-tests.spec.ts
Warning: Indexing all PDF objects

stdout | tests/performance-benchmarks.spec.ts
Inicializando aplicaÃ§Ã£o com seguranÃ§a aprimoradaâ€¦

stderr | tests/performance-benchmarks.spec.ts
[vitest] skipping suite: Performance benchmarks skipped (ENABLE_FULL_STACK_TESTS=true required)

 â†“ tests/performance-benchmarks.spec.ts (16 tests | 16 skipped)
stdout | tests/security-tests.spec.ts
Inicializando aplicaÃ§Ã£o com seguranÃ§a aprimoradaâ€¦

stderr | tests/security-tests.spec.ts
[vitest] skipping suite: Security validation tests skipped (ENABLE_FULL_STACK_TESTS=true required)

 â†“ tests/security-tests.spec.ts (12 tests | 12 skipped)
{"level":30,"time":1758484393883,"pid":3958,"hostname":"Mac","name":"ml-pattern-recognition","msg":"Model training completed"}
{"level":30,"time":1758484393884,"pid":3958,"hostname":"Mac","name":"ml-pattern-recognition","msg":"Starting model training"}
{"level":30,"time":1758484394152,"pid":3958,"hostname":"Mac","name":"ml-pattern-recognition","msg":"Model training completed"}
{"level":30,"time":1758484394153,"pid":3958,"hostname":"Mac","name":"ml-pattern-recognition","msg":"Starting model training"}
{"level":30,"time":1758484395105,"pid":3958,"hostname":"Mac","name":"ml-pattern-recognition","msg":"Model training completed"}
{"level":20,"time":1758484395185,"pid":3958,"hostname":"Mac","name":"ml-pattern-recognition","msg":"Prediction completed"}
{"level":20,"time":1758484395245,"pid":3958,"hostname":"Mac","name":"ml-pattern-recognition","msg":"Prediction completed"}
{"level":20,"time":1758484395349,"pid":3958,"hostname":"Mac","name":"ml-pattern-recognition","msg":"Prediction completed"}
{"level":20,"time":1758484395405,"pid":3958,"hostname":"Mac","name":"ml-pattern-recognition","msg":"Prediction completed"}
{"level":20,"time":1758484395463,"pid":3958,"hostname":"Mac","name":"ml-pattern-recognition","msg":"Prediction completed"}
{"level":30,"time":1758484395465,"pid":3958,"hostname":"Mac","name":"ml-model-validation","msg":"Starting comprehensive model validation"}
{"level":30,"time":1758484395463,"pid":3958,"hostname":"Mac","name":"ml-pattern-recognition","msg":"Starting pattern analysis"}
{"level":30,"time":1758484395464,"pid":3958,"hostname":"Mac","name":"ml-pattern-recognition","msg":"Starting pattern analysis"}
{"level":30,"time":1758484395464,"pid":3958,"hostname":"Mac","name":"ml-pattern-recognition","msg":"Starting pattern analysis"}
{"level":30,"time":1758484395465,"pid":3958,"hostname":"Mac","name":"ml-pattern-recognition","msg":"Drift detection completed"}
{"level":20,"time":1758484395551,"pid":3958,"hostname":"Mac","name":"ml-pattern-recognition","msg":"Prediction completed"}
{"level":20,"time":1758484395694,"pid":3958,"hostname":"Mac","name":"ml-pattern-recognition","msg":"Prediction completed"}
{"level":20,"time":1758484395820,"pid":3958,"hostname":"Mac","name":"ml-pattern-recognition","msg":"Prediction completed"}
{"level":20,"time":1758484395886,"pid":3958,"hostname":"Mac","name":"ml-pattern-recognition","msg":"Prediction completed"}
{"level":20,"time":1758484396012,"pid":3958,"hostname":"Mac","name":"ml-pattern-recognition","msg":"Prediction completed"}
{"level":20,"time":1758484396140,"pid":3958,"hostname":"Mac","name":"ml-pattern-recognition","msg":"Prediction completed"}
{"level":20,"time":1758484396215,"pid":3958,"hostname":"Mac","name":"ml-pattern-recognition","msg":"Prediction completed"}
{"level":20,"time":1758484396296,"pid":3958,"hostname":"Mac","name":"ml-pattern-recognition","msg":"Prediction completed"}
{"level":20,"time":1758484396360,"pid":3958,"hostname":"Mac","name":"ml-pattern-recognition","msg":"Prediction completed"}
{"level":20,"time":1758484396425,"pid":3958,"hostname":"Mac","name":"ml-pattern-recognition","msg":"Prediction completed"}
{"level":20,"time":1758484396479,"pid":3958,"hostname":"Mac","name":"ml-pattern-recognition","msg":"Prediction completed"}
{"level":20,"time":1758484396601,"pid":3958,"hostname":"Mac","name":"ml-pattern-recognition","msg":"Prediction completed"}
{"level":20,"time":1758484396734,"pid":3958,"hostname":"Mac","name":"ml-pattern-recognition","msg":"Prediction completed"}
{"level":20,"time":1758484396811,"pid":3958,"hostname":"Mac","name":"ml-pattern-recognition","msg":"Prediction completed"}
{"level":20,"time":1758484396869,"pid":3958,"hostname":"Mac","name":"ml-pattern-recognition","msg":"Prediction completed"}
{"level":20,"time":1758484397008,"pid":3958,"hostname":"Mac","name":"ml-pattern-recognition","msg":"Prediction completed"}
{"level":20,"time":1758484397067,"pid":3958,"hostname":"Mac","name":"ml-pattern-recognition","msg":"Prediction completed"}
{"level":20,"time":1758484397214,"pid":3958,"hostname":"Mac","name":"ml-pattern-recognition","msg":"Prediction completed"}
{"level":20,"time":1758484397284,"pid":3958,"hostname":"Mac","name":"ml-pattern-recognition","msg":"Prediction completed"}
{"level":20,"time":1758484397427,"pid":3958,"hostname":"Mac","name":"ml-pattern-recognition","msg":"Prediction completed"}
{"level":30,"time":1758484397428,"pid":3958,"hostname":"Mac","name":"ml-model-validation","msg":"Model validation completed"}
{"level":30,"time":1758484397427,"pid":3958,"hostname":"Mac","name":"ml-pattern-recognition","msg":"Drift detection completed"}
{"level":30,"time":1758484397428,"pid":3958,"hostname":"Mac","name":"ml-model-validation","msg":"Performing cross-validation"}
{"level":30,"time":1758484397428,"pid":3958,"hostname":"Mac","name":"ml-model-validation","msg":"Cross-validation completed"}
{"level":30,"time":1758484397428,"pid":3958,"hostname":"Mac","name":"ml-model-validation","msg":"Checking model health"}
{"level":20,"time":1758484397509,"pid":3958,"hostname":"Mac","name":"ml-pattern-recognition","msg":"Prediction completed"}
{"level":30,"time":1758484397510,"pid":3958,"hostname":"Mac","name":"ml-model-validation","msg":"Validation report exported"}
{"level":20,"time":1758484397611,"pid":3958,"hostname":"Mac","name":"ml-pattern-recognition","msg":"Prediction completed"}
{"level":20,"time":1758484397679,"pid":3958,"hostname":"Mac","name":"ml-pattern-recognition","msg":"Prediction completed"}
{"level":20,"time":1758484397681,"pid":3958,"hostname":"Mac","name":"ml-pattern-recognition","msg":"Prediction completed"}
{"level":20,"time":1758484397692,"pid":3958,"hostname":"Mac","name":"ml-pattern-recognition","msg":"Prediction completed"}
{"level":20,"time":1758484397718,"pid":3958,"hostname":"Mac","name":"ml-pattern-recognition","msg":"Prediction completed"}
{"level":20,"time":1758484397743,"pid":3958,"hostname":"Mac","name":"ml-pattern-recognition","msg":"Prediction completed"}
{"level":30,"time":1758484397743,"pid":3958,"hostname":"Mac","name":"ml-pattern-recognition","msg":"Starting pattern analysis"}
 âœ“ tests/ml-pattern-recognition.spec.ts (34 tests | 9 skipped) 5487ms
   âœ“ ML Pattern Recognition Service > Model Training > should train revenue forecasting model successfully  1626ms
   âœ“ ML Pattern Recognition Service > Model Training > should handle training with insufficient data  952ms
   âœ“ Model Validation Utils > should perform comprehensive model validation  1963ms
stdout | tests/ocr-validation.spec.ts > OCR Data Validation and Processing Tests > Error Handling and Edge Cases > should handle extremely long text
ðŸ” Iniciando extraÃ§Ã£o de dados de reserva a partir do texto OCR
ðŸ” Usando parser nativo sem IA
âœ… Nome do hÃ³spede extraÃ­do: "Name: JoÃ£o Silva"
âœ… NÃºmero de hÃ³spedes extraÃ­do: 2
âœ… Propriedade identificada: "Aroeira II"
âœ… ExtraÃ­das 1 reservas do texto OCR

stdout | tests/ocr-validation.spec.ts > OCR Data Validation and Processing Tests > Error Handling and Edge Cases > should handle special characters and encoding
ðŸ” Iniciando extraÃ§Ã£o de dados de reserva a partir do texto OCR
ðŸ” Usando parser nativo sem IA
âœ… Nome do hÃ³spede extraÃ­do: "JosÃ© MarÃ­a NÃºÃ±ez-GonzÃ¡lez"
âœ… Propriedade identificada: "Ã‡asa do AÃ§Ãºcar"
âœ… ExtraÃ­das 1 reservas do texto OCR
âš ï¸ Campos obrigatÃ³rios ausentes: checkOutDate, numGuests

stdout | tests/ocr-validation.spec.ts > OCR Data Validation and Processing Tests > Error Handling and Edge Cases > should handle special characters and encoding
Special characters handled correctly: JosÃ© MarÃ­a NÃºÃ±ez-GonzÃ¡lez

stdout | tests/ocr-validation.spec.ts > OCR Data Validation and Processing Tests > Error Handling and Edge Cases > should handle inconsistent date formats
ðŸ” Iniciando extraÃ§Ã£o de dados de reserva a partir do texto OCR
ðŸ” Usando parser nativo sem IA
âœ… Nome do hÃ³spede extraÃ­do: "Test User"
âœ… Propriedade identificada: "Test Property"
âœ… ExtraÃ­das 1 reservas do texto OCR
âš ï¸ Campos obrigatÃ³rios ausentes: numGuests

stdout | tests/ocr-validation.spec.ts > OCR Data Validation and Processing Tests > Error Handling and Edge Cases > should validate data consistency
ðŸ” Iniciando extraÃ§Ã£o de dados de reserva a partir do texto OCR
ðŸ” Usando parser nativo sem IA
âœ… Nome do hÃ³spede extraÃ­do: "John Doe"
âœ… Propriedade identificada: "Test Property"
âœ… ExtraÃ­das 1 reservas do texto OCR
âš ï¸ Campos obrigatÃ³rios ausentes: numGuests, totalAmount

stdout | tests/ocr-validation.spec.ts > OCR Data Validation and Processing Tests > Performance and Efficiency Tests > should process data extraction efficiently
ðŸ” Iniciando extraÃ§Ã£o de dados de reserva a partir do texto OCR
ðŸ” Usando parser nativo sem IA
âœ… Nome do hÃ³spede extraÃ­do: "Name: JoÃ£o Silva"
âœ… NÃºmero de hÃ³spedes extraÃ­do: 2
âœ… Propriedade identificada: "Aroeira II"
âœ… ExtraÃ­das 1 reservas do texto OCR

stdout | tests/ocr-validation.spec.ts > OCR Data Validation and Processing Tests > Performance and Efficiency Tests > should process data extraction efficiently
ðŸ” Iniciando extraÃ§Ã£o de dados de reserva a partir do texto OCR
ðŸ” Usando parser nativo sem IA
âœ… Nome do hÃ³spede extraÃ­do: "Name: JoÃ£o Silva"
âœ… NÃºmero de hÃ³spedes extraÃ­do: 2
âœ… Propriedade identificada: "Aroeira II"
âœ… ExtraÃ­das 1 reservas do texto OCR

stdout | tests/ocr-validation.spec.ts > OCR Data Validation and Processing Tests > Performance and Efficiency Tests > should process data extraction efficiently
ðŸ” Iniciando extraÃ§Ã£o de dados de reserva a partir do texto OCR
ðŸ” Usando parser nativo sem IA
âœ… Nome do hÃ³spede extraÃ­do: "Name: JoÃ£o Silva"
âœ… NÃºmero de hÃ³spedes extraÃ­do: 2
âœ… Propriedade identificada: "Aroeira II"
âœ… ExtraÃ­das 1 reservas do texto OCR

stdout | tests/ocr-validation.spec.ts > OCR Data Validation and Processing Tests > Performance and Efficiency Tests > should process data extraction efficiently
ðŸ” Iniciando extraÃ§Ã£o de dados de reserva a partir do texto OCR
ðŸ” Usando parser nativo sem IA
âœ… Nome do hÃ³spede extraÃ­do: "Name: JoÃ£o Silva"
âœ… NÃºmero de hÃ³spedes extraÃ­do: 2
âœ… Propriedade identificada: "Aroeira II"
âœ… ExtraÃ­das 1 reservas do texto OCR

stdout | tests/ocr-validation.spec.ts > OCR Data Validation and Processing Tests > Performance and Efficiency Tests > should process data extraction efficiently
ðŸ” Iniciando extraÃ§Ã£o de dados de reserva a partir do texto OCR
ðŸ” Usando parser nativo sem IA
âœ… Nome do hÃ³spede extraÃ­do: "Name: JoÃ£o Silva"
âœ… NÃºmero de hÃ³spedes extraÃ­do: 2
âœ… Propriedade identificada: "Aroeira II"
âœ… ExtraÃ­das 1 reservas do texto OCR

stdout | tests/ocr-validation.spec.ts > OCR Data Validation and Processing Tests > Performance and Efficiency Tests > should process data extraction efficiently
ðŸ” Iniciando extraÃ§Ã£o de dados de reserva a partir do texto OCR
ðŸ” Usando parser nativo sem IA
âœ… Nome do hÃ³spede extraÃ­do: "Name: JoÃ£o Silva"
âœ… NÃºmero de hÃ³spedes extraÃ­do: 2
âœ… Propriedade identificada: "Aroeira II"
âœ… ExtraÃ­das 1 reservas do texto OCR

stdout | tests/ocr-validation.spec.ts > OCR Data Validation and Processing Tests > Performance and Efficiency Tests > should process data extraction efficiently
ðŸ” Iniciando extraÃ§Ã£o de dados de reserva a partir do texto OCR
ðŸ” Usando parser nativo sem IA
âœ… Nome do hÃ³spede extraÃ­do: "Name: JoÃ£o Silva"
âœ… NÃºmero de hÃ³spedes extraÃ­do: 2
âœ… Propriedade identificada: "Aroeira II"
âœ… ExtraÃ­das 1 reservas do texto OCR

stdout | tests/ocr-validation.spec.ts > OCR Data Validation and Processing Tests > Performance and Efficiency Tests > should process data extraction efficiently
ðŸ” Iniciando extraÃ§Ã£o de dados de reserva a partir do texto OCR
ðŸ” Usando parser nativo sem IA
âœ… Nome do hÃ³spede extraÃ­do: "Name: JoÃ£o Silva"
âœ… NÃºmero de hÃ³spedes extraÃ­do: 2
âœ… Propriedade identificada: "Aroeira II"
âœ… ExtraÃ­das 1 reservas do texto OCR

stdout | tests/ocr-validation.spec.ts > OCR Data Validation and Processing Tests > Performance and Efficiency Tests > should process data extraction efficiently
ðŸ” Iniciando extraÃ§Ã£o de dados de reserva a partir do texto OCR
ðŸ” Usando parser nativo sem IA
âœ… Nome do hÃ³spede extraÃ­do: "Name: JoÃ£o Silva"
âœ… NÃºmero de hÃ³spedes extraÃ­do: 2
âœ… Propriedade identificada: "Aroeira II"
âœ… ExtraÃ­das 1 reservas do texto OCR

stdout | tests/ocr-validation.spec.ts > OCR Data Validation and Processing Tests > Performance and Efficiency Tests > should process data extraction efficiently
ðŸ” Iniciando extraÃ§Ã£o de dados de reserva a partir do texto OCR
ðŸ” Usando parser nativo sem IA
âœ… Nome do hÃ³spede extraÃ­do: "Name: JoÃ£o Silva"
âœ… NÃºmero de hÃ³spedes extraÃ­do: 2
âœ… Propriedade identificada: "Aroeira II"
âœ… ExtraÃ­das 1 reservas do texto OCR

stdout | tests/ocr-validation.spec.ts > OCR Data Validation and Processing Tests > Performance and Efficiency Tests > should process data extraction efficiently
Data extraction performance: 0.10ms average over 10 iterations

stdout | tests/ocr-validation.spec.ts > OCR Data Validation and Processing Tests > Performance and Efficiency Tests > should handle batch property matching efficiently
Property matching performance: 0ms for 7 properties
Matching results:
  "Aroeira I" -> Aroeira I
  "aroeira 2" -> Aroeira II
  "SETE RIOS" -> Sete Rios
  "feira ladra" -> Feira da Ladra (GraÃ§a 1)
  "5 de outubro" -> 5 de Outubro
  "non-existent property" -> No match
  "another unknown property" -> No match

 â¯ tests/ocr-validation.spec.ts (25 tests | 3 failed) 7106ms
   Ã— OCR Data Validation and Processing Tests > Text Parsing and Data Extraction > should parse valid reservation data correctly 79ms
     â†’ expected undefined to be truthy
   âœ“ OCR Data Validation and Processing Tests > Text Parsing and Data Extraction > should handle partial reservation data 3ms
   âœ“ OCR Data Validation and Processing Tests > Text Parsing and Data Extraction > should extract multiple reservations from single text 1ms
   âœ“ OCR Data Validation and Processing Tests > Text Parsing and Data Extraction > should handle invalid or empty text gracefully 2ms
   âœ“ OCR Data Validation and Processing Tests > Text Parsing and Data Extraction > should validate required fields completeness 0ms
   âœ“ OCR Data Validation and Processing Tests > Property Name Matching > should match exact property names 0ms
   âœ“ OCR Data Validation and Processing Tests > Property Name Matching > should match property aliases 0ms
   âœ“ OCR Data Validation and Processing Tests > Property Name Matching > should handle case-insensitive matching 0ms
   âœ“ OCR Data Validation and Processing Tests > Property Name Matching > should handle partial matches 0ms
   Ã— OCR Data Validation and Processing Tests > Property Name Matching > should return null for no matches 0ms
     â†’ expected undefined to be null
   âœ“ OCR Data Validation and Processing Tests > Property Name Matching > should handle special characters and numbers 0ms
   Ã— OCR Data Validation and Processing Tests > Data Normalization and Validation > should normalize date formats 2ms
     â†’ expected false to be true // Object.is equality
   âœ“ OCR Data Validation and Processing Tests > Data Normalization and Validation > should normalize monetary amounts 0ms
   âœ“ OCR Data Validation and Processing Tests > Data Normalization and Validation > should validate email formats 0ms
   âœ“ OCR Data Validation and Processing Tests > Data Normalization and Validation > should validate phone number formats 0ms
   âœ“ OCR Data Validation and Processing Tests > Data Normalization and Validation > should calculate nights correctly 0ms
   âœ“ OCR Data Validation and Processing Tests > Real PDF Data Validation > should validate data extracted from real PDFs 119ms
   âœ“ OCR Data Validation and Processing Tests > Real PDF Data Validation > should test property matching with real extracted data 35ms
   âœ“ OCR Data Validation and Processing Tests > Error Handling and Edge Cases > should handle empty or whitespace-only text 1ms
   âœ“ OCR Data Validation and Processing Tests > Error Handling and Edge Cases > should handle extremely long text  6859ms
   âœ“ OCR Data Validation and Processing Tests > Error Handling and Edge Cases > should handle special characters and encoding 1ms
   âœ“ OCR Data Validation and Processing Tests > Error Handling and Edge Cases > should handle inconsistent date formats 0ms
   âœ“ OCR Data Validation and Processing Tests > Error Handling and Edge Cases > should validate data consistency 0ms
   âœ“ OCR Data Validation and Processing Tests > Performance and Efficiency Tests > should process data extraction efficiently 1ms
   âœ“ OCR Data Validation and Processing Tests > Performance and Efficiency Tests > should handle batch property matching efficiently 0ms
stdout | tests/ai-performance-benchmarks.spec.ts > AI Performance Benchmarks > Load Testing and Concurrent Operations > should measure memory usage during AI operations
â¸ï¸  Skipping memory tests - no AI services available

stdout | tests/ai-performance-benchmarks.spec.ts > AI Performance Benchmarks > Cost and Efficiency Analysis > should measure token usage efficiency
â¸ï¸  Skipping token efficiency tests - no AI services available

stdout | tests/ai-performance-benchmarks.spec.ts > AI Performance Benchmarks > Cost and Efficiency Analysis > should estimate operational costs
ðŸ’° Cost Estimation Analysis:
  Daily Usage Estimate:
    Text Generation: 100 requests
    OCR Processing: 50 requests
    Vision Processing: 25 requests
  Estimated Monthly Cost: $4.50 USD
  Cost per Request (avg): $0.0009 USD
â±ï¸  [CostEstimation] calculateMonthlyCost: 1ms âœ… 

stdout | tests/ai-performance-benchmarks.spec.ts > AI Performance Benchmarks

ðŸ“Š Performance Analysis Summary:
====================================================================================================
ðŸ“ˆ RateLimiter - rateLimitedFunction:
   Success Rate: 100.0% (5/5)
   Average: 0ms
   Min/Max: 0ms / 1ms
   95th Percentile: 1ms
   Average Throughput: Infinity KB/s

ðŸ“ˆ CostEstimation - calculateMonthlyCost:
   Success Rate: 100.0% (1/1)
   Average: 1ms
   Min/Max: 1ms / 1ms
   95th Percentile: 1ms
   Average Throughput: 2.93 KB/s

ðŸŽ¯ Overall Performance:
   Total Tests: 6
   Success Rate: 100.0%
   Average Duration: 1ms
====================================================================================================

 â¯ tests/ai-performance-benchmarks.spec.ts (8 tests | 1 failed) 60012ms
   âœ“ AI Performance Benchmarks > Individual Service Benchmarks > should benchmark Gemini service performance 2ms
   âœ“ AI Performance Benchmarks > Individual Service Benchmarks > should benchmark OpenRouter service performance 0ms
   âœ“ AI Performance Benchmarks > Individual Service Benchmarks > should benchmark Mistral OCR service performance 0ms
   âœ“ AI Performance Benchmarks > Load Testing and Concurrent Operations > should test concurrent text generation requests 0ms
   Ã— AI Performance Benchmarks > Load Testing and Concurrent Operations > should test rate limiter performance under load 60006ms
     â†’ Test timed out in 60000ms.
If this is a long-running test, pass a timeout value as the last argument or configure it globally with "testTimeout".
   âœ“ AI Performance Benchmarks > Load Testing and Concurrent Operations > should measure memory usage during AI operations 1ms
   âœ“ AI Performance Benchmarks > Cost and Efficiency Analysis > should measure token usage efficiency 0ms
   âœ“ AI Performance Benchmarks > Cost and Efficiency Analysis > should estimate operational costs 1ms

âŽ¯âŽ¯âŽ¯âŽ¯âŽ¯âŽ¯ Failed Suites 7 âŽ¯âŽ¯âŽ¯âŽ¯âŽ¯âŽ¯âŽ¯

 FAIL  tests/ai-chat-best-practices.spec.ts [ tests/ai-chat-best-practices.spec.ts ]
 FAIL  tests/pdf-import.spec.ts [ tests/pdf-import.spec.ts ]
 FAIL  tests/system-validation.spec.ts [ tests/system-validation.spec.ts ]
Error: Do not import `@jest/globals` outside of the Jest test environment
 â¯ Object.<anonymous> node_modules/@jest/globals/build/index.js:12:7

âŽ¯âŽ¯âŽ¯âŽ¯âŽ¯âŽ¯âŽ¯âŽ¯âŽ¯âŽ¯âŽ¯âŽ¯âŽ¯âŽ¯âŽ¯âŽ¯âŽ¯âŽ¯âŽ¯âŽ¯âŽ¯âŽ¯âŽ¯[1/52]âŽ¯

 FAIL  tests/comprehensive-test-suite.spec.ts [ tests/comprehensive-test-suite.spec.ts ]
 FAIL  tests/test-runner.spec.ts [ tests/test-runner.spec.ts ]
Error: No database connection string was provided to `neon()`. Perhaps an environment variable has not been set?
 â¯ neon ../../Programac%CC%A7ao/MariaIntelligence-1/node_modules/@neondatabase/serverless/index.mjs:1524:63
 â¯ createDrizzleClient server/db/index.ts:10:15
      8| 
      9| function createDrizzleClient() {
     10|   const sql = neon(process.env.DATABASE_URL!);
       |               ^
     11|   return drizzle(sql, { schema });
     12| }
 â¯ getDrizzle server/db/index.ts:16:23
 â¯ server/db/index.ts:47:19

âŽ¯âŽ¯âŽ¯âŽ¯âŽ¯âŽ¯âŽ¯âŽ¯âŽ¯âŽ¯âŽ¯âŽ¯âŽ¯âŽ¯âŽ¯âŽ¯âŽ¯âŽ¯âŽ¯âŽ¯âŽ¯âŽ¯âŽ¯[2/52]âŽ¯

 FAIL  tests/gemini-connectivity.spec.ts [ tests/gemini-connectivity.spec.ts ]
Error: Cannot find package '@server/services/gemini.service' imported from '/Users/bilal/ProgramacÌ§ao/MariaIntelligence-1/tests/gemini-connectivity.spec.ts'
 â¯ tests/gemini-connectivity.spec.ts:6:1
      4| 
      5| import { describe, it, expect, beforeEach, afterEach, vi, type SpyInstâ€¦
      6| import { GeminiService } from '@server/services/gemini.service';
       | ^
      7| 
      8| const mockResponse = (overrides: Partial<Pick<Response, 'ok' | 'statusâ€¦

Caused by: Error: Failed to load url @server/services/gemini.service (resolved id: @server/services/gemini.service) in /Users/bilal/ProgramacÌ§ao/MariaIntelligence-1/tests/gemini-connectivity.spec.ts. Does the file exist?
 â¯ loadAndTransform ../../Programac%CC%A7ao/MariaIntelligence-1/node_modules/vite/dist/node/chunks/dep-BHkUv4Z8.js:26444:33

âŽ¯âŽ¯âŽ¯âŽ¯âŽ¯âŽ¯âŽ¯âŽ¯âŽ¯âŽ¯âŽ¯âŽ¯âŽ¯âŽ¯âŽ¯âŽ¯âŽ¯âŽ¯âŽ¯âŽ¯âŽ¯âŽ¯âŽ¯[3/52]âŽ¯

 FAIL  tests/security-validation.spec.ts [ tests/security-validation.spec.ts ]
SyntaxError: Invalid regular expression: /[';\\--]/g: Range out of order in character class
 â¯ literalRegExp ../../Programac%CC%A7ao/MariaIntelligence-1/node_modules/rollup/dist/es/shared/parseAst.js:1720:20
 â¯ convertNode ../../Programac%CC%A7ao/MariaIntelligence-1/node_modules/rollup/dist/es/shared/parseAst.js:2048:12
 â¯ convertNodeList ../../Programac%CC%A7ao/MariaIntelligence-1/node_modules/rollup/dist/es/shared/parseAst.js:2057:38
 â¯ callExpression ../../Programac%CC%A7ao/MariaIntelligence-1/node_modules/rollup/dist/es/shared/parseAst.js:1219:24
 â¯ convertNode ../../Programac%CC%A7ao/MariaIntelligence-1/node_modules/rollup/dist/es/shared/parseAst.js:2048:12
 â¯ variableDeclarator ../../Programac%CC%A7ao/MariaIntelligence-1/node_modules/rollup/dist/es/shared/parseAst.js:2016:47
 â¯ convertNode ../../Programac%CC%A7ao/MariaIntelligence-1/node_modules/rollup/dist/es/shared/parseAst.js:2048:12
 â¯ convertNodeList ../../Programac%CC%A7ao/MariaIntelligence-1/node_modules/rollup/dist/es/shared/parseAst.js:2057:38
 â¯ variableDeclaration ../../Programac%CC%A7ao/MariaIntelligence-1/node_modules/rollup/dist/es/shared/parseAst.js:2006:27

âŽ¯âŽ¯âŽ¯âŽ¯âŽ¯âŽ¯âŽ¯âŽ¯âŽ¯âŽ¯âŽ¯âŽ¯âŽ¯âŽ¯âŽ¯âŽ¯âŽ¯âŽ¯âŽ¯âŽ¯âŽ¯âŽ¯âŽ¯[4/52]âŽ¯


âŽ¯âŽ¯âŽ¯âŽ¯âŽ¯âŽ¯ Failed Tests 45 âŽ¯âŽ¯âŽ¯âŽ¯âŽ¯âŽ¯âŽ¯

 FAIL  tests/ai-performance-benchmarks.spec.ts > AI Performance Benchmarks > Load Testing and Concurrent Operations > should test rate limiter performance under load
Error: Test timed out in 60000ms.
If this is a long-running test, pass a timeout value as the last argument or configure it globally with "testTimeout".
 â¯ tests/ai-performance-benchmarks.spec.ts:353:5
    351|     }, TEST_TIMEOUT);
    352| 
    353|     it('should test rate limiter performance under load', async () => {
       |     ^
    354|       // Test the rate limiter itself with high-frequency requests
    355|       const testFunction = rateLimiter.rateLimitedFunction(

âŽ¯âŽ¯âŽ¯âŽ¯âŽ¯âŽ¯âŽ¯âŽ¯âŽ¯âŽ¯âŽ¯âŽ¯âŽ¯âŽ¯âŽ¯âŽ¯âŽ¯âŽ¯âŽ¯âŽ¯âŽ¯âŽ¯âŽ¯[5/52]âŽ¯

 FAIL  tests/gemini-api-integration.spec.ts > Gemini API Integration - Basic > should have rate limiter configured correctly
AssertionError: expected { recentRequests: +0, â€¦(4) } to match object { recentRequests: Any<Number>, â€¦(5) }
(1 matching property omitted from actual)

[32m- Expected[39m
[31m+ Received[39m

[2m  {[22m
[32m-   "adaptiveRateLimiting": Any<Boolean>,[39m
[2m    "canMakeRequest": Any<Boolean>,[22m
[32m-   "isInBackoff": Any<Boolean>,[39m
[2m    "maxRequestsPerMinute": Any<Number>,[22m
[2m    "queueSize": Any<Number>,[22m
[2m    "recentRequests": Any<Number>,[22m
[2m  }[22m

 â¯ tests/gemini-api-integration.spec.ts:36:20
     34|     const status = rateLimiter.getRateLimitStatus();
     35|     
     36|     expect(status).toMatchObject({
       |                    ^
     37|       recentRequests: expect.any(Number),
     38|       maxRequestsPerMinute: expect.any(Number),

âŽ¯âŽ¯âŽ¯âŽ¯âŽ¯âŽ¯âŽ¯âŽ¯âŽ¯âŽ¯âŽ¯âŽ¯âŽ¯âŽ¯âŽ¯âŽ¯âŽ¯âŽ¯âŽ¯âŽ¯âŽ¯âŽ¯âŽ¯[6/52]âŽ¯

 FAIL  tests/ocr-api-endpoints.spec.ts > OCR API Endpoints Tests > File Upload Endpoint Tests > should upload and process PDF via /api/ocr/upload
AxiosError: Request failed with status code 500
 â¯ settle ../../Programac%CC%A7ao/MariaIntelligence-1/node_modules/axios/lib/core/settle.js:19:12
 â¯ IncomingMessage.handleStreamEnd ../../Programac%CC%A7ao/MariaIntelligence-1/node_modules/axios/lib/adapters/http.js:599:11
 â¯ Axios.request ../../Programac%CC%A7ao/MariaIntelligence-1/node_modules/axios/lib/core/Axios.js:45:41
 â¯ tests/ocr-api-endpoints.spec.ts:142:54
    140| 
    141|       try {
    142|         const response: AxiosResponse<OCRResponse> = await axios.post(
       |                                                      ^
    143|           `${serverBaseUrl}/api/ocr/upload`,
    144|           form,

âŽ¯âŽ¯âŽ¯âŽ¯âŽ¯âŽ¯âŽ¯âŽ¯âŽ¯âŽ¯âŽ¯âŽ¯âŽ¯âŽ¯âŽ¯âŽ¯âŽ¯âŽ¯âŽ¯âŽ¯âŽ¯âŽ¯âŽ¯[7/52]âŽ¯

 FAIL  tests/ocr-api-endpoints.spec.ts > OCR API Endpoints Tests > File Upload Endpoint Tests > should process PDF via /api/ocr/process with file upload
AxiosError: Request failed with status code 500
 â¯ settle ../../Programac%CC%A7ao/MariaIntelligence-1/node_modules/axios/lib/core/settle.js:19:12
 â¯ IncomingMessage.handleStreamEnd ../../Programac%CC%A7ao/MariaIntelligence-1/node_modules/axios/lib/adapters/http.js:599:11
 â¯ Axios.request ../../Programac%CC%A7ao/MariaIntelligence-1/node_modules/axios/lib/core/Axios.js:45:41
 â¯ tests/ocr-api-endpoints.spec.ts:184:52
    182|       form.append('file', fs.createReadStream(filePath));
    183| 
    184|       const response: AxiosResponse<OCRResponse> = await axios.post(
       |                                                    ^
    185|         `${serverBaseUrl}/api/ocr/process`,
    186|         form,

âŽ¯âŽ¯âŽ¯âŽ¯âŽ¯âŽ¯âŽ¯âŽ¯âŽ¯âŽ¯âŽ¯âŽ¯âŽ¯âŽ¯âŽ¯âŽ¯âŽ¯âŽ¯âŽ¯âŽ¯âŽ¯âŽ¯âŽ¯[8/52]âŽ¯

 FAIL  tests/ocr-api-endpoints.spec.ts > OCR API Endpoints Tests > File Upload Endpoint Tests > should reject non-PDF files
AssertionError: expected 500 to be 422 // Object.is equality

[32m- Expected[39m
[31m+ Received[39m

[32m- 422[39m
[31m+ 500[39m

 â¯ tests/ocr-api-endpoints.spec.ts:226:42
    224|       } catch (error) {
    225|         if (axios.isAxiosError(error)) {
    226|           expect(error.response?.status).toBe(422);
       |                                          ^
    227|           expect(error.response?.data.success).toBe(false);
    228|           expect(error.response?.data.message).toContain('PDF');

âŽ¯âŽ¯âŽ¯âŽ¯âŽ¯âŽ¯âŽ¯âŽ¯âŽ¯âŽ¯âŽ¯âŽ¯âŽ¯âŽ¯âŽ¯âŽ¯âŽ¯âŽ¯âŽ¯âŽ¯âŽ¯âŽ¯âŽ¯[9/52]âŽ¯

 FAIL  tests/ocr-api-endpoints.spec.ts > OCR API Endpoints Tests > Provider Selection Tests > should test all available providers
AssertionError: expected 0 to be greater than 0
 â¯ tests/ocr-api-endpoints.spec.ts:445:38
    443| 
    444|       const successfulTests = results.filter(r => r.success);
    445|       expect(successfulTests.length).toBeGreaterThan(0);
       |                                      ^
    446|     }, TEST_CONFIG.TIMEOUT * 6);
    447|   });

âŽ¯âŽ¯âŽ¯âŽ¯âŽ¯âŽ¯âŽ¯âŽ¯âŽ¯âŽ¯âŽ¯âŽ¯âŽ¯âŽ¯âŽ¯âŽ¯âŽ¯âŽ¯âŽ¯âŽ¯âŽ¯âŽ¯[10/52]âŽ¯

 FAIL  tests/ocr-api-endpoints.spec.ts > OCR API Endpoints Tests > Response Format Validation > should return properly structured response
AxiosError: Request failed with status code 500
 â¯ settle ../../Programac%CC%A7ao/MariaIntelligence-1/node_modules/axios/lib/core/settle.js:19:12
 â¯ IncomingMessage.handleStreamEnd ../../Programac%CC%A7ao/MariaIntelligence-1/node_modules/axios/lib/adapters/http.js:599:11
 â¯ Axios.request ../../Programac%CC%A7ao/MariaIntelligence-1/node_modules/axios/lib/core/Axios.js:45:41
 â¯ tests/ocr-api-endpoints.spec.ts:459:52
    457|       form.append('file', fs.createReadStream(filePath));
    458| 
    459|       const response: AxiosResponse<OCRResponse> = await axios.post(
       |                                                    ^
    460|         `${serverBaseUrl}/api/ocr/upload`,
    461|         form,

âŽ¯âŽ¯âŽ¯âŽ¯âŽ¯âŽ¯âŽ¯âŽ¯âŽ¯âŽ¯âŽ¯âŽ¯âŽ¯âŽ¯âŽ¯âŽ¯âŽ¯âŽ¯âŽ¯âŽ¯âŽ¯âŽ¯[11/52]âŽ¯

 FAIL  tests/ocr-api-endpoints.spec.ts > OCR API Endpoints Tests > Response Format Validation > should include reservation data when detected
AxiosError: Request failed with status code 500
 â¯ settle ../../Programac%CC%A7ao/MariaIntelligence-1/node_modules/axios/lib/core/settle.js:19:12
 â¯ IncomingMessage.handleStreamEnd ../../Programac%CC%A7ao/MariaIntelligence-1/node_modules/axios/lib/adapters/http.js:599:11
 â¯ Axios.request ../../Programac%CC%A7ao/MariaIntelligence-1/node_modules/axios/lib/core/Axios.js:45:41
 â¯ tests/ocr-api-endpoints.spec.ts:508:52
    506|       form.append('file', fs.createReadStream(filePath));
    507| 
    508|       const response: AxiosResponse<OCRResponse> = await axios.post(
       |                                                    ^
    509|         `${serverBaseUrl}/api/ocr/upload`,
    510|         form,

âŽ¯âŽ¯âŽ¯âŽ¯âŽ¯âŽ¯âŽ¯âŽ¯âŽ¯âŽ¯âŽ¯âŽ¯âŽ¯âŽ¯âŽ¯âŽ¯âŽ¯âŽ¯âŽ¯âŽ¯âŽ¯âŽ¯[12/52]âŽ¯

 FAIL  tests/ocr-api-endpoints.spec.ts > OCR API Endpoints Tests > Error Handling Tests > should handle server errors gracefully
AssertionError: expected { success: false, â€¦(1) } to have property "error"
 â¯ tests/ocr-api-endpoints.spec.ts:619:29
    617|       expect(response.data).toHaveProperty('success');
    618|       expect(response.data.success).toBe(false);
    619|       expect(response.data).toHaveProperty('error');
       |                             ^
    620|     }, TEST_CONFIG.TIMEOUT);
    621|   });

âŽ¯âŽ¯âŽ¯âŽ¯âŽ¯âŽ¯âŽ¯âŽ¯âŽ¯âŽ¯âŽ¯âŽ¯âŽ¯âŽ¯âŽ¯âŽ¯âŽ¯âŽ¯âŽ¯âŽ¯âŽ¯âŽ¯[13/52]âŽ¯

 FAIL  tests/ocr-api-endpoints.spec.ts > OCR API Endpoints Tests > Performance and Load Tests > should handle concurrent requests
AxiosError: Request failed with status code 500
 â¯ settle ../../Programac%CC%A7ao/MariaIntelligence-1/node_modules/axios/lib/core/settle.js:19:12
 â¯ IncomingMessage.handleStreamEnd ../../Programac%CC%A7ao/MariaIntelligence-1/node_modules/axios/lib/adapters/http.js:599:11
 â¯ Axios.request ../../Programac%CC%A7ao/MariaIntelligence-1/node_modules/axios/lib/core/Axios.js:45:41
 â¯ tests/ocr-api-endpoints.spec.ts:648:25
    646| 
    647|       const startTime = Date.now();
    648|       const responses = await Promise.all(promises);
       |                         ^
    649|       const totalTime = Date.now() - startTime;
    650| 

âŽ¯âŽ¯âŽ¯âŽ¯âŽ¯âŽ¯âŽ¯âŽ¯âŽ¯âŽ¯âŽ¯âŽ¯âŽ¯âŽ¯âŽ¯âŽ¯âŽ¯âŽ¯âŽ¯âŽ¯âŽ¯âŽ¯[14/52]âŽ¯

 FAIL  tests/ocr-integration.spec.ts > OCR Integration Tests > OCR Service Configuration > should have at least one OCR service configured
AssertionError: expected false to be true // Object.is equality

[32m- Expected[39m
[31m+ Received[39m

[32m- true[39m
[31m+ false[39m

 â¯ tests/ocr-integration.spec.ts:111:29
    109|     it('should have at least one OCR service configured', () => {
    110|       const hasAnyService = aiAdapter.isServiceAvailable();
    111|       expect(hasAnyService).toBe(true);
       |                             ^
    112|     });
    113| 

âŽ¯âŽ¯âŽ¯âŽ¯âŽ¯âŽ¯âŽ¯âŽ¯âŽ¯âŽ¯âŽ¯âŽ¯âŽ¯âŽ¯âŽ¯âŽ¯âŽ¯âŽ¯âŽ¯âŽ¯âŽ¯âŽ¯[15/52]âŽ¯

 FAIL  tests/ocr-integration.spec.ts > OCR Integration Tests > OCR Service Configuration > should detect available OCR providers
AssertionError: expected 0 to be greater than 0
 â¯ tests/ocr-integration.spec.ts:126:41
    124|       // At least one provider should be available
    125|       const availableProviders = Object.values(providers).filter(Booleâ€¦
    126|       expect(availableProviders.length).toBeGreaterThan(0);
       |                                         ^
    127|     });
    128| 

âŽ¯âŽ¯âŽ¯âŽ¯âŽ¯âŽ¯âŽ¯âŽ¯âŽ¯âŽ¯âŽ¯âŽ¯âŽ¯âŽ¯âŽ¯âŽ¯âŽ¯âŽ¯âŽ¯âŽ¯âŽ¯âŽ¯[16/52]âŽ¯

 FAIL  tests/ocr-providers.spec.ts > OCR Providers Specific Tests > Provider Comparison and Performance > should compare provider performance on same PDF
AssertionError: expected 0 to be greater than 0
 â¯ tests/ocr-providers.spec.ts:551:40
    549| 
    550|       const successfulResults = providerResults.filter(r => r.success);
    551|       expect(successfulResults.length).toBeGreaterThan(0);
       |                                        ^
    552|       
    553|       if (successfulResults.length > 1) {

âŽ¯âŽ¯âŽ¯âŽ¯âŽ¯âŽ¯âŽ¯âŽ¯âŽ¯âŽ¯âŽ¯âŽ¯âŽ¯âŽ¯âŽ¯âŽ¯âŽ¯âŽ¯âŽ¯âŽ¯âŽ¯âŽ¯[17/52]âŽ¯

 FAIL  tests/ocr-validation.spec.ts > OCR Data Validation and Processing Tests > Text Parsing and Data Extraction > should parse valid reservation data correctly
AssertionError: expected undefined to be truthy

[32m- Expected:[39m 
true

[31m+ Received:[39m 
undefined

 â¯ tests/ocr-validation.spec.ts:145:37
    143|         expect(reservation.guestName).toContain('JoÃ£o Silva');
    144|         expect(reservation.propertyName).toContain('Aroeira');
    145|         expect(reservation.checkIn).toBeTruthy();
       |                                     ^
    146|         expect(reservation.checkOut).toBeTruthy();
    147|         expect(reservation.totalAmount).toBeTruthy();

âŽ¯âŽ¯âŽ¯âŽ¯âŽ¯âŽ¯âŽ¯âŽ¯âŽ¯âŽ¯âŽ¯âŽ¯âŽ¯âŽ¯âŽ¯âŽ¯âŽ¯âŽ¯âŽ¯âŽ¯âŽ¯âŽ¯[18/52]âŽ¯

 FAIL  tests/ocr-validation.spec.ts > OCR Data Validation and Processing Tests > Property Name Matching > should return null for no matches
AssertionError: expected undefined to be null

[32m- Expected:[39m 
null

[31m+ Received:[39m 
undefined

 â¯ tests/ocr-validation.spec.ts:253:23
    251|     it('should return null for no matches', () => {
    252|       const noMatch = matchPropertyByAlias('Property That Does Not Exiâ€¦
    253|       expect(noMatch).toBeNull();
       |                       ^
    254|     });
    255| 

âŽ¯âŽ¯âŽ¯âŽ¯âŽ¯âŽ¯âŽ¯âŽ¯âŽ¯âŽ¯âŽ¯âŽ¯âŽ¯âŽ¯âŽ¯âŽ¯âŽ¯âŽ¯âŽ¯âŽ¯âŽ¯âŽ¯[19/52]âŽ¯

 FAIL  tests/ocr-validation.spec.ts > OCR Data Validation and Processing Tests > Data Normalization and Validation > should normalize date formats
AssertionError: expected false to be true // Object.is equality

[32m- Expected[39m
[31m+ Received[39m

[32m- true[39m
[31m+ false[39m

 â¯ tests/ocr-validation.spec.ts:277:40
    275|         expect(date).toBeInstanceOf(Date);
    276|         // Should be a valid date (not NaN)
    277|         expect(!isNaN(date.getTime())).toBe(true);
       |                                        ^
    278|       });
    279|     });
 â¯ tests/ocr-validation.spec.ts:273:19

âŽ¯âŽ¯âŽ¯âŽ¯âŽ¯âŽ¯âŽ¯âŽ¯âŽ¯âŽ¯âŽ¯âŽ¯âŽ¯âŽ¯âŽ¯âŽ¯âŽ¯âŽ¯âŽ¯âŽ¯âŽ¯âŽ¯[20/52]âŽ¯

 FAIL  tests/pdf-import-service.spec.ts > PDFImportService > Property Name Normalization > should normalize property names correctly
 FAIL  tests/pdf-import-service.spec.ts > PDFImportService > Property Name Normalization > should handle empty and null inputs
 FAIL  tests/pdf-import-service.spec.ts > PDFImportService > Fuzzy Matching Algorithms > should calculate Levenshtein distance correctly
 FAIL  tests/pdf-import-service.spec.ts > PDFImportService > Fuzzy Matching Algorithms > should calculate fuzzy scores accurately
 FAIL  tests/pdf-import-service.spec.ts > PDFImportService > Fuzzy Matching Algorithms > should handle token-based matching
 FAIL  tests/pdf-import-service.spec.ts > PDFImportService > Property Matching > should find exact property matches
 FAIL  tests/pdf-import-service.spec.ts > PDFImportService > Property Matching > should find alias matches
 FAIL  tests/pdf-import-service.spec.ts > PDFImportService > Property Matching > should provide suggestions for partial matches
 FAIL  tests/pdf-import-service.spec.ts > PDFImportService > Property Matching > should handle unmatched properties
 FAIL  tests/pdf-import-service.spec.ts > PDFImportService > Property Matching > should cache property matches
 FAIL  tests/pdf-import-service.spec.ts > PDFImportService > Date Normalization > should normalize various date formats
 FAIL  tests/pdf-import-service.spec.ts > PDFImportService > Date Normalization > should handle invalid dates gracefully
 FAIL  tests/pdf-import-service.spec.ts > PDFImportService > Platform Detection > should detect Booking.com platform
 FAIL  tests/pdf-import-service.spec.ts > PDFImportService > Platform Detection > should detect Airbnb platform
 FAIL  tests/pdf-import-service.spec.ts > PDFImportService > Platform Detection > should return null for unknown platforms
 FAIL  tests/pdf-import-service.spec.ts > PDFImportService > Property Suggestions > should provide relevant property suggestions
 FAIL  tests/pdf-import-service.spec.ts > PDFImportService > Property Suggestions > should limit suggestions to requested number
 FAIL  tests/pdf-import-service.spec.ts > PDFImportService > Property Suggestions > should sort suggestions by score
 FAIL  tests/pdf-import-service.spec.ts > PDFImportService > Learning from Matches > should learn from high-confidence matches
 FAIL  tests/pdf-import-service.spec.ts > PDFImportService > Learning from Matches > should not learn from low-confidence matches
 FAIL  tests/pdf-import-service.spec.ts > PDFImportService > Pattern Extraction > should extract reservation data using patterns
 FAIL  tests/pdf-import-service.spec.ts > PDFImportService > Pattern Extraction > should handle missing patterns gracefully
 FAIL  tests/pdf-import-service.spec.ts > PDFImportService > Report Generation > should generate accurate import reports
 FAIL  tests/pdf-import-service.spec.ts > PDFImportService > Integration Tests > should process PDF files end-to-end
 FAIL  tests/pdf-import-service.spec.ts > PDFImportService > Integration Tests > should handle batch processing
 FAIL  tests/pdf-import-service.spec.ts > PDFImportService > Integration Tests > should handle errors gracefully
 FAIL  tests/pdf-import-service.spec.ts > PDFImportService > Confidence Scoring > should assign appropriate confidence scores
 FAIL  tests/pdf-import-service.spec.ts > PDFImportService > Confidence Scoring > should handle confidence thresholds correctly
Error: Cannot find module '../server/db/index'
Require stack:
- /Users/bilal/ProgramacÌ§ao/MariaIntelligence-1/tests/pdf-import-service.spec.ts
 â¯ tests/pdf-import-service.spec.ts:86:20
     84| 
     85|     // Mock database queries
     86|     const { db } = require('../server/db/index');
       |                    ^
     87|     db.select.mockReturnValue(mockProperties);
     88|   });

âŽ¯âŽ¯âŽ¯âŽ¯âŽ¯âŽ¯âŽ¯âŽ¯âŽ¯âŽ¯âŽ¯âŽ¯âŽ¯âŽ¯âŽ¯âŽ¯âŽ¯âŽ¯âŽ¯âŽ¯âŽ¯âŽ¯[21/52]âŽ¯

 FAIL  tests/pdf-import-service.spec.ts > Performance Tests > should cache property matches for performance
AssertionError: expected 0 to be less than 0
 â¯ tests/pdf-import-service.spec.ts:595:35
    593|     
    594|     // Cached call should be faster
    595|     expect(endTime2 - startTime2).toBeLessThan(endTime1 - startTime1);
       |                                   ^
    596|   });
    597| });

âŽ¯âŽ¯âŽ¯âŽ¯âŽ¯âŽ¯âŽ¯âŽ¯âŽ¯âŽ¯âŽ¯âŽ¯âŽ¯âŽ¯âŽ¯âŽ¯âŽ¯âŽ¯âŽ¯âŽ¯âŽ¯âŽ¯[22/52]âŽ¯

âŽ¯âŽ¯âŽ¯âŽ¯âŽ¯âŽ¯ Unhandled Errors âŽ¯âŽ¯âŽ¯âŽ¯âŽ¯âŽ¯

Vitest caught 2 unhandled errors during the test run.
This might cause false positive tests. Resolve unhandled errors to make sure your tests are not affected.

âŽ¯âŽ¯âŽ¯âŽ¯ Unhandled Rejection âŽ¯âŽ¯âŽ¯âŽ¯âŽ¯
Error: No database connection string was provided to `neon()`. Perhaps an environment variable has not been set?
 â¯ neon ../../Programac%CC%A7ao/MariaIntelligence-1/node_modules/@neondatabase/serverless/index.mjs:1524:63
 â¯ createDrizzleClient server/db/index.ts:10:15
      8| 
      9| function createDrizzleClient() {
     10|   const sql = neon(process.env.DATABASE_URL!);
       |               ^
     11|   return drizzle(sql, { schema });
     12| }
 â¯ getDrizzle server/db/index.ts:16:23
 â¯ server/db/index.ts:47:19
 â¯ processTicksAndRejections node:internal/process/task_queues:105:5
 â¯ VitestExecutor.runModule ../../Programac%CC%A7ao/MariaIntelligence-1/node_modules/vite-node/dist/client.mjs:397:4
 â¯ VitestExecutor.directRequest ../../Programac%CC%A7ao/MariaIntelligence-1/node_modules/vite-node/dist/client.mjs:375:3

This error originated in "tests/comprehensive-test-suite.spec.ts" test file. It doesn't mean the error was thrown inside the file itself, but while it was running.

âŽ¯âŽ¯âŽ¯âŽ¯ Unhandled Rejection âŽ¯âŽ¯âŽ¯âŽ¯âŽ¯
Error: No database connection string was provided to `neon()`. Perhaps an environment variable has not been set?
 â¯ neon ../../Programac%CC%A7ao/MariaIntelligence-1/node_modules/@neondatabase/serverless/index.mjs:1524:63
 â¯ createDrizzleClient server/db/index.ts:10:15
      8| 
      9| function createDrizzleClient() {
     10|   const sql = neon(process.env.DATABASE_URL!);
       |               ^
     11|   return drizzle(sql, { schema });
     12| }
 â¯ getDrizzle server/db/index.ts:16:23
 â¯ server/db/index.ts:47:19
 â¯ processTicksAndRejections node:internal/process/task_queues:105:5
 â¯ VitestExecutor.runModule ../../Programac%CC%A7ao/MariaIntelligence-1/node_modules/vite-node/dist/client.mjs:397:4
 â¯ VitestExecutor.directRequest ../../Programac%CC%A7ao/MariaIntelligence-1/node_modules/vite-node/dist/client.mjs:375:3

This error originated in "tests/test-runner.spec.ts" test file. It doesn't mean the error was thrown inside the file itself, but while it was running.
âŽ¯âŽ¯âŽ¯âŽ¯âŽ¯âŽ¯âŽ¯âŽ¯âŽ¯âŽ¯âŽ¯âŽ¯âŽ¯âŽ¯âŽ¯âŽ¯âŽ¯âŽ¯âŽ¯âŽ¯âŽ¯âŽ¯âŽ¯âŽ¯âŽ¯âŽ¯âŽ¯âŽ¯âŽ¯âŽ¯


 Test Files  14 failed | 2 passed | 6 skipped (22)
      Tests  45 failed | 96 passed | 93 skipped (234)
     Errors  2 errors
   Start at  20:53:10
   Duration  61.61s (transform 1.28s, setup 0ms, collect 8.87s, tests 73.85s, environment 12ms, prepare 1.60s)

